2017-07-10 00:33:09 DEBUG c.a.s.c.StorageItemController - Saving storage items... [TestReferenceTestNameL]
2017-07-10 00:33:09 DEBUG c.a.s.c.m.StorageItemControllerMapper - Mapping storage item controller model TestReferenceTestNameL to domain model.
2017-07-10 00:33:09 DEBUG c.a.s.c.m.StorageItemControllerMapper - Mapped storage item controller model to domain model.
2017-07-10 00:33:09 DEBUG c.a.s.service.StorageItemService - Saving storage items
2017-07-10 00:33:09 DEBUG c.a.s.p.s.StorageItemPersistenceService - Saving storage items to database: [TestReferenceTestNameLnullnull]
2017-07-10 00:44:39 DEBUG c.a.s.c.StorageItemController - Getting all stored items.
2017-07-10 00:44:39 DEBUG c.a.s.service.StorageItemService - Retrieving storage items.
2017-07-10 00:44:39 DEBUG c.a.s.p.s.StorageItemPersistenceService - Retrieving all storage items.
2017-07-10 00:44:40 ERROR o.h.e.jdbc.spi.SqlExceptionHelper - Table 'storage_app_schema.storageitem' doesn't exist
2017-07-10 13:48:08 DEBUG c.a.s.c.StorageItemController - Saving storage items... [TestReferenceTestNameL]
2017-07-10 13:48:08 DEBUG c.a.s.c.m.StorageItemControllerMapper - Mapping storage item controller model TestReferenceTestNameL to domain model.
2017-07-10 13:48:08 DEBUG c.a.s.c.m.StorageItemControllerMapper - Mapped storage item controller model to domain model.
2017-07-10 13:48:08 DEBUG c.a.s.service.StorageItemService - Saving storage items
2017-07-10 13:48:08 DEBUG c.a.s.p.s.StorageItemPersistenceService - Saving storage items to database: [TestReferenceTestNameLnullnull]
2017-07-10 13:48:27 DEBUG c.a.s.c.StorageItemController - Getting all stored items.
2017-07-10 13:48:27 DEBUG c.a.s.service.StorageItemService - Retrieving storage items.
2017-07-10 13:48:27 DEBUG c.a.s.p.s.StorageItemPersistenceService - Retrieving all storage items.
2017-07-10 13:48:27 ERROR o.h.e.jdbc.spi.SqlExceptionHelper - Table 'storage_app_schema.storageitem' doesn't exist
2017-07-10 13:53:14 DEBUG c.a.s.c.StorageItemController - Getting all stored items.
2017-07-10 13:53:14 DEBUG c.a.s.service.StorageItemService - Retrieving storage items.
2017-07-10 13:53:14 DEBUG c.a.s.p.s.StorageItemPersistenceService - Retrieving all storage items.
2017-07-10 13:53:14 DEBUG c.a.s.p.s.StorageItemPersistenceService - Successfully retrieved all storage items: []
2017-07-10 13:53:14 DEBUG c.a.s.p.s.StorageItemPersistenceService - Successfully mapped to storage item domain models: []
2017-07-10 13:53:14 DEBUG c.a.s.service.StorageItemService - Successfully retrieved storage items: []
2017-07-10 13:53:14 DEBUG c.a.s.c.StorageItemController - Successfully returned all stored items: [].
2017-07-10 13:53:23 DEBUG c.a.s.c.StorageItemController - Saving storage items... [TestReferenceTestNameL]
2017-07-10 13:53:23 DEBUG c.a.s.c.m.StorageItemControllerMapper - Mapping storage item controller model TestReferenceTestNameL to domain model.
2017-07-10 13:53:23 DEBUG c.a.s.c.m.StorageItemControllerMapper - Mapped storage item controller model to domain model.
2017-07-10 13:53:23 DEBUG c.a.s.service.StorageItemService - Saving storage items
2017-07-10 13:53:23 DEBUG c.a.s.p.s.StorageItemPersistenceService - Saving storage items to database: [TestReferenceTestNameLnullnull]
2017-07-10 14:16:08 DEBUG c.a.s.c.StorageItemController - Getting all stored items.
2017-07-10 14:16:08 DEBUG c.a.s.service.StorageItemService - Retrieving storage items.
2017-07-10 14:16:08 DEBUG c.a.s.p.s.StorageItemPersistenceService - Retrieving all storage items.
2017-07-10 14:16:08 ERROR o.h.e.jdbc.spi.SqlExceptionHelper - Table 'storage_app_schema.storageitem' doesn't exist
2017-07-10 14:22:27 DEBUG c.a.s.c.StorageItemController - Getting all stored items.
2017-07-10 14:22:27 DEBUG c.a.s.service.StorageItemService - Retrieving storage items.
2017-07-10 14:22:27 DEBUG c.a.s.p.s.StorageItemPersistenceService - Retrieving all storage items.
2017-07-10 14:22:27 ERROR o.h.e.jdbc.spi.SqlExceptionHelper - Table 'storage_app_schema.storageitem' doesn't exist
2017-07-10 14:37:34 DEBUG c.a.s.c.StorageItemController - Getting all stored items.
2017-07-10 14:37:34 DEBUG c.a.s.service.StorageItemService - Retrieving storage items.
2017-07-10 14:37:34 DEBUG c.a.s.p.s.StorageItemPersistenceService - Retrieving all storage items.
2017-07-10 14:37:35 ERROR o.h.e.jdbc.spi.SqlExceptionHelper - Table 'storage_app_schema.storageitem' doesn't exist
2017-07-10 14:40:39 DEBUG c.a.s.c.StorageItemController - Saving storage items... [TestReferenceTestNameL]
2017-07-10 14:40:39 DEBUG c.a.s.c.m.StorageItemControllerMapper - Mapping storage item controller model TestReferenceTestNameL to domain model.
2017-07-10 14:40:39 DEBUG c.a.s.c.m.StorageItemControllerMapper - Mapped storage item controller model to domain model.
2017-07-10 14:40:39 DEBUG c.a.s.service.StorageItemService - Saving storage items
2017-07-10 14:40:39 DEBUG c.a.s.p.s.StorageItemPersistenceService - Saving storage items to database: [TestReferenceTestNameLnullnull]
2017-07-10 14:40:39 ERROR o.h.id.enhanced.TableStructure - could not read a hi value
com.mysql.jdbc.exceptions.jdbc4.MySQLSyntaxErrorException: Table 'storage_app_schema.hibernate_sequence' doesn't exist
	at sun.reflect.NativeConstructorAccessorImpl.newInstance0(Native Method) ~[na:1.8.0_121]
	at sun.reflect.NativeConstructorAccessorImpl.newInstance(NativeConstructorAccessorImpl.java:62) ~[na:1.8.0_121]
	at sun.reflect.DelegatingConstructorAccessorImpl.newInstance(DelegatingConstructorAccessorImpl.java:45) ~[na:1.8.0_121]
	at java.lang.reflect.Constructor.newInstance(Constructor.java:423) ~[na:1.8.0_121]
	at com.mysql.jdbc.Util.handleNewInstance(Util.java:411) ~[mysql-connector-java-5.1.21.jar:na]
	at com.mysql.jdbc.Util.getInstance(Util.java:386) ~[mysql-connector-java-5.1.21.jar:na]
	at com.mysql.jdbc.SQLError.createSQLException(SQLError.java:1053) ~[mysql-connector-java-5.1.21.jar:na]
	at com.mysql.jdbc.MysqlIO.checkErrorPacket(MysqlIO.java:4074) ~[mysql-connector-java-5.1.21.jar:na]
	at com.mysql.jdbc.MysqlIO.checkErrorPacket(MysqlIO.java:4006) ~[mysql-connector-java-5.1.21.jar:na]
	at com.mysql.jdbc.MysqlIO.sendCommand(MysqlIO.java:2468) ~[mysql-connector-java-5.1.21.jar:na]
	at com.mysql.jdbc.MysqlIO.sqlQueryDirect(MysqlIO.java:2629) ~[mysql-connector-java-5.1.21.jar:na]
	at com.mysql.jdbc.ConnectionImpl.execSQL(ConnectionImpl.java:2719) ~[mysql-connector-java-5.1.21.jar:na]
	at com.mysql.jdbc.PreparedStatement.executeInternal(PreparedStatement.java:2155) ~[mysql-connector-java-5.1.21.jar:na]
	at com.mysql.jdbc.PreparedStatement.executeQuery(PreparedStatement.java:2318) ~[mysql-connector-java-5.1.21.jar:na]
	at org.hibernate.id.enhanced.TableStructure.executeQuery(TableStructure.java:216) ~[hibernate-core-5.2.10.Final.jar:5.2.10.Final]
	at org.hibernate.id.enhanced.TableStructure.access$300(TableStructure.java:46) ~[hibernate-core-5.2.10.Final.jar:5.2.10.Final]
	at org.hibernate.id.enhanced.TableStructure$1$1.execute(TableStructure.java:138) ~[hibernate-core-5.2.10.Final.jar:5.2.10.Final]
	at org.hibernate.id.enhanced.TableStructure$1$1.execute(TableStructure.java:126) ~[hibernate-core-5.2.10.Final.jar:5.2.10.Final]
	at org.hibernate.jdbc.WorkExecutor.executeReturningWork(WorkExecutor.java:55) ~[hibernate-core-5.2.10.Final.jar:5.2.10.Final]
	at org.hibernate.jdbc.AbstractReturningWork.accept(AbstractReturningWork.java:34) ~[hibernate-core-5.2.10.Final.jar:5.2.10.Final]
	at org.hibernate.resource.transaction.backend.jdbc.internal.JdbcIsolationDelegate.delegateWork(JdbcIsolationDelegate.java:57) ~[hibernate-core-5.2.10.Final.jar:5.2.10.Final]
	at org.hibernate.id.enhanced.TableStructure$1.getNextValue(TableStructure.java:125) [hibernate-core-5.2.10.Final.jar:5.2.10.Final]
	at org.hibernate.id.enhanced.NoopOptimizer.generate(NoopOptimizer.java:40) [hibernate-core-5.2.10.Final.jar:5.2.10.Final]
	at org.hibernate.id.enhanced.SequenceStyleGenerator.generate(SequenceStyleGenerator.java:432) [hibernate-core-5.2.10.Final.jar:5.2.10.Final]
	at org.hibernate.event.internal.AbstractSaveEventListener.saveWithGeneratedId(AbstractSaveEventListener.java:105) [hibernate-core-5.2.10.Final.jar:5.2.10.Final]
	at org.hibernate.jpa.event.internal.core.JpaPersistEventListener.saveWithGeneratedId(JpaPersistEventListener.java:67) [hibernate-core-5.2.10.Final.jar:5.2.10.Final]
	at org.hibernate.event.internal.DefaultPersistEventListener.entityIsTransient(DefaultPersistEventListener.java:189) [hibernate-core-5.2.10.Final.jar:5.2.10.Final]
	at org.hibernate.event.internal.DefaultPersistEventListener.onPersist(DefaultPersistEventListener.java:132) [hibernate-core-5.2.10.Final.jar:5.2.10.Final]
	at org.hibernate.event.internal.DefaultPersistEventListener.onPersist(DefaultPersistEventListener.java:58) [hibernate-core-5.2.10.Final.jar:5.2.10.Final]
	at org.hibernate.internal.SessionImpl.firePersist(SessionImpl.java:780) [hibernate-core-5.2.10.Final.jar:5.2.10.Final]
	at org.hibernate.internal.SessionImpl.persist(SessionImpl.java:765) [hibernate-core-5.2.10.Final.jar:5.2.10.Final]
	at sun.reflect.NativeMethodAccessorImpl.invoke0(Native Method) ~[na:1.8.0_121]
	at sun.reflect.NativeMethodAccessorImpl.invoke(NativeMethodAccessorImpl.java:62) ~[na:1.8.0_121]
	at sun.reflect.DelegatingMethodAccessorImpl.invoke(DelegatingMethodAccessorImpl.java:43) ~[na:1.8.0_121]
	at java.lang.reflect.Method.invoke(Method.java:498) ~[na:1.8.0_121]
	at org.springframework.orm.jpa.SharedEntityManagerCreator$SharedEntityManagerInvocationHandler.invoke(SharedEntityManagerCreator.java:298) [spring-orm-4.3.9.RELEASE.jar:4.3.9.RELEASE]
	at com.sun.proxy.$Proxy66.persist(Unknown Source) [na:na]
	at org.springframework.data.jpa.repository.support.SimpleJpaRepository.save(SimpleJpaRepository.java:508) [spring-data-jpa-1.11.4.RELEASE.jar:na]
	at org.springframework.data.jpa.repository.support.SimpleJpaRepository.save(SimpleJpaRepository.java:542) [spring-data-jpa-1.11.4.RELEASE.jar:na]
	at org.springframework.data.jpa.repository.support.SimpleJpaRepository.save(SimpleJpaRepository.java:74) [spring-data-jpa-1.11.4.RELEASE.jar:na]
	at sun.reflect.NativeMethodAccessorImpl.invoke0(Native Method) ~[na:1.8.0_121]
	at sun.reflect.NativeMethodAccessorImpl.invoke(NativeMethodAccessorImpl.java:62) ~[na:1.8.0_121]
	at sun.reflect.DelegatingMethodAccessorImpl.invoke(DelegatingMethodAccessorImpl.java:43) ~[na:1.8.0_121]
	at java.lang.reflect.Method.invoke(Method.java:498) ~[na:1.8.0_121]
	at org.springframework.data.repository.core.support.RepositoryFactorySupport$QueryExecutorMethodInterceptor.executeMethodOn(RepositoryFactorySupport.java:504) [spring-data-commons-1.13.4.RELEASE.jar:na]
	at org.springframework.data.repository.core.support.RepositoryFactorySupport$QueryExecutorMethodInterceptor.doInvoke(RepositoryFactorySupport.java:489) [spring-data-commons-1.13.4.RELEASE.jar:na]
	at org.springframework.data.repository.core.support.RepositoryFactorySupport$QueryExecutorMethodInterceptor.invoke(RepositoryFactorySupport.java:461) [spring-data-commons-1.13.4.RELEASE.jar:na]
	at org.springframework.aop.framework.ReflectiveMethodInvocation.proceed(ReflectiveMethodInvocation.java:179) [spring-aop-4.3.9.RELEASE.jar:4.3.9.RELEASE]
	at org.springframework.data.projection.DefaultMethodInvokingMethodInterceptor.invoke(DefaultMethodInvokingMethodInterceptor.java:56) [spring-data-commons-1.13.4.RELEASE.jar:na]
	at org.springframework.aop.framework.ReflectiveMethodInvocation.proceed(ReflectiveMethodInvocation.java:179) [spring-aop-4.3.9.RELEASE.jar:4.3.9.RELEASE]
	at org.springframework.transaction.interceptor.TransactionInterceptor$1.proceedWithInvocation(TransactionInterceptor.java:99) [spring-tx-4.3.9.RELEASE.jar:4.3.9.RELEASE]
	at org.springframework.transaction.interceptor.TransactionAspectSupport.invokeWithinTransaction(TransactionAspectSupport.java:282) [spring-tx-4.3.9.RELEASE.jar:4.3.9.RELEASE]
	at org.springframework.transaction.interceptor.TransactionInterceptor.invoke(TransactionInterceptor.java:96) [spring-tx-4.3.9.RELEASE.jar:4.3.9.RELEASE]
	at org.springframework.aop.framework.ReflectiveMethodInvocation.proceed(ReflectiveMethodInvocation.java:179) [spring-aop-4.3.9.RELEASE.jar:4.3.9.RELEASE]
	at org.springframework.dao.support.PersistenceExceptionTranslationInterceptor.invoke(PersistenceExceptionTranslationInterceptor.java:136) [spring-tx-4.3.9.RELEASE.jar:4.3.9.RELEASE]
	at org.springframework.aop.framework.ReflectiveMethodInvocation.proceed(ReflectiveMethodInvocation.java:179) [spring-aop-4.3.9.RELEASE.jar:4.3.9.RELEASE]
	at org.springframework.data.jpa.repository.support.CrudMethodMetadataPostProcessor$CrudMethodMetadataPopulatingMethodInterceptor.invoke(CrudMethodMetadataPostProcessor.java:133) [spring-data-jpa-1.11.4.RELEASE.jar:na]
	at org.springframework.aop.framework.ReflectiveMethodInvocation.proceed(ReflectiveMethodInvocation.java:179) [spring-aop-4.3.9.RELEASE.jar:4.3.9.RELEASE]
	at org.springframework.aop.interceptor.ExposeInvocationInterceptor.invoke(ExposeInvocationInterceptor.java:92) [spring-aop-4.3.9.RELEASE.jar:4.3.9.RELEASE]
	at org.springframework.aop.framework.ReflectiveMethodInvocation.proceed(ReflectiveMethodInvocation.java:179) [spring-aop-4.3.9.RELEASE.jar:4.3.9.RELEASE]
	at org.springframework.data.repository.core.support.SurroundingTransactionDetectorMethodInterceptor.invoke(SurroundingTransactionDetectorMethodInterceptor.java:57) [spring-data-commons-1.13.4.RELEASE.jar:na]
	at org.springframework.aop.framework.ReflectiveMethodInvocation.proceed(ReflectiveMethodInvocation.java:179) [spring-aop-4.3.9.RELEASE.jar:4.3.9.RELEASE]
	at org.springframework.aop.framework.JdkDynamicAopProxy.invoke(JdkDynamicAopProxy.java:213) [spring-aop-4.3.9.RELEASE.jar:4.3.9.RELEASE]
	at com.sun.proxy.$Proxy69.save(Unknown Source) [na:na]
	at com.app.storage.persistence.service.StorageItemPersistenceServiceHandler.saveStorageItems(StorageItemPersistenceServiceHandler.java:79) [persistence-1.0-SNAPSHOT.jar:na]
	at com.app.storage.service.StorageItemServiceHandler.saveStorageItems(StorageItemServiceHandler.java:56) [service-1.0-SNAPSHOT.jar:na]
	at com.app.storage.controller.StorageItemController.saveStorageItems(StorageItemController.java:90) [classes/:na]
	at sun.reflect.NativeMethodAccessorImpl.invoke0(Native Method) ~[na:1.8.0_121]
	at sun.reflect.NativeMethodAccessorImpl.invoke(NativeMethodAccessorImpl.java:62) ~[na:1.8.0_121]
	at sun.reflect.DelegatingMethodAccessorImpl.invoke(DelegatingMethodAccessorImpl.java:43) ~[na:1.8.0_121]
	at java.lang.reflect.Method.invoke(Method.java:498) ~[na:1.8.0_121]
	at org.springframework.web.method.support.InvocableHandlerMethod.doInvoke(InvocableHandlerMethod.java:221) [spring-web-4.1.6.RELEASE.jar:4.1.6.RELEASE]
	at org.springframework.web.method.support.InvocableHandlerMethod.invokeForRequest(InvocableHandlerMethod.java:137) [spring-web-4.1.6.RELEASE.jar:4.1.6.RELEASE]
	at org.springframework.web.servlet.mvc.method.annotation.ServletInvocableHandlerMethod.invokeAndHandle(ServletInvocableHandlerMethod.java:110) [spring-webmvc-4.1.6.RELEASE.jar:4.1.6.RELEASE]
	at org.springframework.web.servlet.mvc.method.annotation.RequestMappingHandlerAdapter.invokeHandleMethod(RequestMappingHandlerAdapter.java:776) [spring-webmvc-4.1.6.RELEASE.jar:4.1.6.RELEASE]
	at org.springframework.web.servlet.mvc.method.annotation.RequestMappingHandlerAdapter.handleInternal(RequestMappingHandlerAdapter.java:705) [spring-webmvc-4.1.6.RELEASE.jar:4.1.6.RELEASE]
	at org.springframework.web.servlet.mvc.method.AbstractHandlerMethodAdapter.handle(AbstractHandlerMethodAdapter.java:85) [spring-webmvc-4.1.6.RELEASE.jar:4.1.6.RELEASE]
	at org.springframework.web.servlet.DispatcherServlet.doDispatch(DispatcherServlet.java:959) [spring-webmvc-4.1.6.RELEASE.jar:4.1.6.RELEASE]
	at org.springframework.web.servlet.DispatcherServlet.doService(DispatcherServlet.java:893) [spring-webmvc-4.1.6.RELEASE.jar:4.1.6.RELEASE]
	at org.springframework.web.servlet.FrameworkServlet.processRequest(FrameworkServlet.java:966) [spring-webmvc-4.1.6.RELEASE.jar:4.1.6.RELEASE]
	at org.springframework.web.servlet.FrameworkServlet.doPost(FrameworkServlet.java:868) [spring-webmvc-4.1.6.RELEASE.jar:4.1.6.RELEASE]
	at javax.servlet.http.HttpServlet.service(HttpServlet.java:648) [servlet-api.jar:na]
	at org.springframework.web.servlet.FrameworkServlet.service(FrameworkServlet.java:842) [spring-webmvc-4.1.6.RELEASE.jar:4.1.6.RELEASE]
	at javax.servlet.http.HttpServlet.service(HttpServlet.java:729) [servlet-api.jar:na]
	at org.apache.catalina.core.ApplicationFilterChain.internalDoFilter(ApplicationFilterChain.java:230) [catalina.jar:9.0.0.M17]
	at org.apache.catalina.core.ApplicationFilterChain.doFilter(ApplicationFilterChain.java:165) [catalina.jar:9.0.0.M17]
	at org.apache.tomcat.websocket.server.WsFilter.doFilter(WsFilter.java:53) [tomcat-websocket.jar:9.0.0.M17]
	at org.apache.catalina.core.ApplicationFilterChain.internalDoFilter(ApplicationFilterChain.java:192) [catalina.jar:9.0.0.M17]
	at org.apache.catalina.core.ApplicationFilterChain.doFilter(ApplicationFilterChain.java:165) [catalina.jar:9.0.0.M17]
	at org.apache.catalina.core.StandardWrapperValve.invoke(StandardWrapperValve.java:199) [catalina.jar:9.0.0.M17]
	at org.apache.catalina.core.StandardContextValve.invoke(StandardContextValve.java:96) [catalina.jar:9.0.0.M17]
	at org.apache.catalina.authenticator.AuthenticatorBase.invoke(AuthenticatorBase.java:474) [catalina.jar:9.0.0.M17]
	at org.apache.catalina.core.StandardHostValve.invoke(StandardHostValve.java:140) [catalina.jar:9.0.0.M17]
	at org.apache.catalina.valves.ErrorReportValve.invoke(ErrorReportValve.java:79) [catalina.jar:9.0.0.M17]
	at org.apache.catalina.valves.AbstractAccessLogValve.invoke(AbstractAccessLogValve.java:624) [catalina.jar:9.0.0.M17]
	at org.apache.catalina.core.StandardEngineValve.invoke(StandardEngineValve.java:87) [catalina.jar:9.0.0.M17]
	at org.apache.catalina.connector.CoyoteAdapter.service(CoyoteAdapter.java:349) [catalina.jar:9.0.0.M17]
	at org.apache.coyote.http11.Http11Processor.service(Http11Processor.java:495) [tomcat-coyote.jar:9.0.0.M17]
	at org.apache.coyote.AbstractProcessorLight.process(AbstractProcessorLight.java:66) [tomcat-coyote.jar:9.0.0.M17]
	at org.apache.coyote.AbstractProtocol$ConnectionHandler.process(AbstractProtocol.java:767) [tomcat-coyote.jar:9.0.0.M17]
	at org.apache.tomcat.util.net.NioEndpoint$SocketProcessor.doRun(NioEndpoint.java:1347) [tomcat-coyote.jar:9.0.0.M17]
	at org.apache.tomcat.util.net.SocketProcessorBase.run(SocketProcessorBase.java:49) [tomcat-coyote.jar:9.0.0.M17]
	at java.util.concurrent.ThreadPoolExecutor.runWorker(ThreadPoolExecutor.java:1142) [na:1.8.0_121]
	at java.util.concurrent.ThreadPoolExecutor$Worker.run(ThreadPoolExecutor.java:617) [na:1.8.0_121]
	at org.apache.tomcat.util.threads.TaskThread$WrappingRunnable.run(TaskThread.java:61) [tomcat-util.jar:9.0.0.M17]
	at java.lang.Thread.run(Thread.java:745) [na:1.8.0_121]
2017-07-10 14:40:39 ERROR o.h.e.jdbc.spi.SqlExceptionHelper - Table 'storage_app_schema.hibernate_sequence' doesn't exist
2017-07-10 14:40:55 DEBUG c.a.s.c.StorageItemController - Saving storage items... [TestReferenceTestNameL]
2017-07-10 14:40:55 DEBUG c.a.s.c.m.StorageItemControllerMapper - Mapping storage item controller model TestReferenceTestNameL to domain model.
2017-07-10 14:40:55 DEBUG c.a.s.c.m.StorageItemControllerMapper - Mapped storage item controller model to domain model.
2017-07-10 14:40:55 DEBUG c.a.s.service.StorageItemService - Saving storage items
2017-07-10 14:40:55 DEBUG c.a.s.p.s.StorageItemPersistenceService - Saving storage items to database: [TestReferenceTestNameLnullnull]
2017-07-10 14:40:55 ERROR o.h.id.enhanced.TableStructure - could not read a hi value
com.mysql.jdbc.exceptions.jdbc4.MySQLSyntaxErrorException: Table 'storage_app_schema.hibernate_sequence' doesn't exist
	at sun.reflect.NativeConstructorAccessorImpl.newInstance0(Native Method) ~[na:1.8.0_121]
	at sun.reflect.NativeConstructorAccessorImpl.newInstance(NativeConstructorAccessorImpl.java:62) ~[na:1.8.0_121]
	at sun.reflect.DelegatingConstructorAccessorImpl.newInstance(DelegatingConstructorAccessorImpl.java:45) ~[na:1.8.0_121]
	at java.lang.reflect.Constructor.newInstance(Constructor.java:423) ~[na:1.8.0_121]
	at com.mysql.jdbc.Util.handleNewInstance(Util.java:411) ~[mysql-connector-java-5.1.21.jar:na]
	at com.mysql.jdbc.Util.getInstance(Util.java:386) ~[mysql-connector-java-5.1.21.jar:na]
	at com.mysql.jdbc.SQLError.createSQLException(SQLError.java:1053) ~[mysql-connector-java-5.1.21.jar:na]
	at com.mysql.jdbc.MysqlIO.checkErrorPacket(MysqlIO.java:4074) ~[mysql-connector-java-5.1.21.jar:na]
	at com.mysql.jdbc.MysqlIO.checkErrorPacket(MysqlIO.java:4006) ~[mysql-connector-java-5.1.21.jar:na]
	at com.mysql.jdbc.MysqlIO.sendCommand(MysqlIO.java:2468) ~[mysql-connector-java-5.1.21.jar:na]
	at com.mysql.jdbc.MysqlIO.sqlQueryDirect(MysqlIO.java:2629) ~[mysql-connector-java-5.1.21.jar:na]
	at com.mysql.jdbc.ConnectionImpl.execSQL(ConnectionImpl.java:2719) ~[mysql-connector-java-5.1.21.jar:na]
	at com.mysql.jdbc.PreparedStatement.executeInternal(PreparedStatement.java:2155) ~[mysql-connector-java-5.1.21.jar:na]
	at com.mysql.jdbc.PreparedStatement.executeQuery(PreparedStatement.java:2318) ~[mysql-connector-java-5.1.21.jar:na]
	at org.hibernate.id.enhanced.TableStructure.executeQuery(TableStructure.java:216) ~[hibernate-core-5.2.10.Final.jar:5.2.10.Final]
	at org.hibernate.id.enhanced.TableStructure.access$300(TableStructure.java:46) ~[hibernate-core-5.2.10.Final.jar:5.2.10.Final]
	at org.hibernate.id.enhanced.TableStructure$1$1.execute(TableStructure.java:138) ~[hibernate-core-5.2.10.Final.jar:5.2.10.Final]
	at org.hibernate.id.enhanced.TableStructure$1$1.execute(TableStructure.java:126) ~[hibernate-core-5.2.10.Final.jar:5.2.10.Final]
	at org.hibernate.jdbc.WorkExecutor.executeReturningWork(WorkExecutor.java:55) ~[hibernate-core-5.2.10.Final.jar:5.2.10.Final]
	at org.hibernate.jdbc.AbstractReturningWork.accept(AbstractReturningWork.java:34) ~[hibernate-core-5.2.10.Final.jar:5.2.10.Final]
	at org.hibernate.resource.transaction.backend.jdbc.internal.JdbcIsolationDelegate.delegateWork(JdbcIsolationDelegate.java:57) ~[hibernate-core-5.2.10.Final.jar:5.2.10.Final]
	at org.hibernate.id.enhanced.TableStructure$1.getNextValue(TableStructure.java:125) [hibernate-core-5.2.10.Final.jar:5.2.10.Final]
	at org.hibernate.id.enhanced.NoopOptimizer.generate(NoopOptimizer.java:40) [hibernate-core-5.2.10.Final.jar:5.2.10.Final]
	at org.hibernate.id.enhanced.SequenceStyleGenerator.generate(SequenceStyleGenerator.java:432) [hibernate-core-5.2.10.Final.jar:5.2.10.Final]
	at org.hibernate.event.internal.AbstractSaveEventListener.saveWithGeneratedId(AbstractSaveEventListener.java:105) [hibernate-core-5.2.10.Final.jar:5.2.10.Final]
	at org.hibernate.jpa.event.internal.core.JpaPersistEventListener.saveWithGeneratedId(JpaPersistEventListener.java:67) [hibernate-core-5.2.10.Final.jar:5.2.10.Final]
	at org.hibernate.event.internal.DefaultPersistEventListener.entityIsTransient(DefaultPersistEventListener.java:189) [hibernate-core-5.2.10.Final.jar:5.2.10.Final]
	at org.hibernate.event.internal.DefaultPersistEventListener.onPersist(DefaultPersistEventListener.java:132) [hibernate-core-5.2.10.Final.jar:5.2.10.Final]
	at org.hibernate.event.internal.DefaultPersistEventListener.onPersist(DefaultPersistEventListener.java:58) [hibernate-core-5.2.10.Final.jar:5.2.10.Final]
	at org.hibernate.internal.SessionImpl.firePersist(SessionImpl.java:780) [hibernate-core-5.2.10.Final.jar:5.2.10.Final]
	at org.hibernate.internal.SessionImpl.persist(SessionImpl.java:765) [hibernate-core-5.2.10.Final.jar:5.2.10.Final]
	at sun.reflect.NativeMethodAccessorImpl.invoke0(Native Method) ~[na:1.8.0_121]
	at sun.reflect.NativeMethodAccessorImpl.invoke(NativeMethodAccessorImpl.java:62) ~[na:1.8.0_121]
	at sun.reflect.DelegatingMethodAccessorImpl.invoke(DelegatingMethodAccessorImpl.java:43) ~[na:1.8.0_121]
	at java.lang.reflect.Method.invoke(Method.java:498) ~[na:1.8.0_121]
	at org.springframework.orm.jpa.SharedEntityManagerCreator$SharedEntityManagerInvocationHandler.invoke(SharedEntityManagerCreator.java:298) [spring-orm-4.3.9.RELEASE.jar:4.3.9.RELEASE]
	at com.sun.proxy.$Proxy66.persist(Unknown Source) [na:na]
	at org.springframework.data.jpa.repository.support.SimpleJpaRepository.save(SimpleJpaRepository.java:508) [spring-data-jpa-1.11.4.RELEASE.jar:na]
	at org.springframework.data.jpa.repository.support.SimpleJpaRepository.save(SimpleJpaRepository.java:542) [spring-data-jpa-1.11.4.RELEASE.jar:na]
	at org.springframework.data.jpa.repository.support.SimpleJpaRepository.save(SimpleJpaRepository.java:74) [spring-data-jpa-1.11.4.RELEASE.jar:na]
	at sun.reflect.NativeMethodAccessorImpl.invoke0(Native Method) ~[na:1.8.0_121]
	at sun.reflect.NativeMethodAccessorImpl.invoke(NativeMethodAccessorImpl.java:62) ~[na:1.8.0_121]
	at sun.reflect.DelegatingMethodAccessorImpl.invoke(DelegatingMethodAccessorImpl.java:43) ~[na:1.8.0_121]
	at java.lang.reflect.Method.invoke(Method.java:498) ~[na:1.8.0_121]
	at org.springframework.data.repository.core.support.RepositoryFactorySupport$QueryExecutorMethodInterceptor.executeMethodOn(RepositoryFactorySupport.java:504) [spring-data-commons-1.13.4.RELEASE.jar:na]
	at org.springframework.data.repository.core.support.RepositoryFactorySupport$QueryExecutorMethodInterceptor.doInvoke(RepositoryFactorySupport.java:489) [spring-data-commons-1.13.4.RELEASE.jar:na]
	at org.springframework.data.repository.core.support.RepositoryFactorySupport$QueryExecutorMethodInterceptor.invoke(RepositoryFactorySupport.java:461) [spring-data-commons-1.13.4.RELEASE.jar:na]
	at org.springframework.aop.framework.ReflectiveMethodInvocation.proceed(ReflectiveMethodInvocation.java:179) [spring-aop-4.3.9.RELEASE.jar:4.3.9.RELEASE]
	at org.springframework.data.projection.DefaultMethodInvokingMethodInterceptor.invoke(DefaultMethodInvokingMethodInterceptor.java:56) [spring-data-commons-1.13.4.RELEASE.jar:na]
	at org.springframework.aop.framework.ReflectiveMethodInvocation.proceed(ReflectiveMethodInvocation.java:179) [spring-aop-4.3.9.RELEASE.jar:4.3.9.RELEASE]
	at org.springframework.transaction.interceptor.TransactionInterceptor$1.proceedWithInvocation(TransactionInterceptor.java:99) [spring-tx-4.3.9.RELEASE.jar:4.3.9.RELEASE]
	at org.springframework.transaction.interceptor.TransactionAspectSupport.invokeWithinTransaction(TransactionAspectSupport.java:282) [spring-tx-4.3.9.RELEASE.jar:4.3.9.RELEASE]
	at org.springframework.transaction.interceptor.TransactionInterceptor.invoke(TransactionInterceptor.java:96) [spring-tx-4.3.9.RELEASE.jar:4.3.9.RELEASE]
	at org.springframework.aop.framework.ReflectiveMethodInvocation.proceed(ReflectiveMethodInvocation.java:179) [spring-aop-4.3.9.RELEASE.jar:4.3.9.RELEASE]
	at org.springframework.dao.support.PersistenceExceptionTranslationInterceptor.invoke(PersistenceExceptionTranslationInterceptor.java:136) [spring-tx-4.3.9.RELEASE.jar:4.3.9.RELEASE]
	at org.springframework.aop.framework.ReflectiveMethodInvocation.proceed(ReflectiveMethodInvocation.java:179) [spring-aop-4.3.9.RELEASE.jar:4.3.9.RELEASE]
	at org.springframework.data.jpa.repository.support.CrudMethodMetadataPostProcessor$CrudMethodMetadataPopulatingMethodInterceptor.invoke(CrudMethodMetadataPostProcessor.java:133) [spring-data-jpa-1.11.4.RELEASE.jar:na]
	at org.springframework.aop.framework.ReflectiveMethodInvocation.proceed(ReflectiveMethodInvocation.java:179) [spring-aop-4.3.9.RELEASE.jar:4.3.9.RELEASE]
	at org.springframework.aop.interceptor.ExposeInvocationInterceptor.invoke(ExposeInvocationInterceptor.java:92) [spring-aop-4.3.9.RELEASE.jar:4.3.9.RELEASE]
	at org.springframework.aop.framework.ReflectiveMethodInvocation.proceed(ReflectiveMethodInvocation.java:179) [spring-aop-4.3.9.RELEASE.jar:4.3.9.RELEASE]
	at org.springframework.data.repository.core.support.SurroundingTransactionDetectorMethodInterceptor.invoke(SurroundingTransactionDetectorMethodInterceptor.java:57) [spring-data-commons-1.13.4.RELEASE.jar:na]
	at org.springframework.aop.framework.ReflectiveMethodInvocation.proceed(ReflectiveMethodInvocation.java:179) [spring-aop-4.3.9.RELEASE.jar:4.3.9.RELEASE]
	at org.springframework.aop.framework.JdkDynamicAopProxy.invoke(JdkDynamicAopProxy.java:213) [spring-aop-4.3.9.RELEASE.jar:4.3.9.RELEASE]
	at com.sun.proxy.$Proxy69.save(Unknown Source) [na:na]
	at com.app.storage.persistence.service.StorageItemPersistenceServiceHandler.saveStorageItems(StorageItemPersistenceServiceHandler.java:79) [persistence-1.0-SNAPSHOT.jar:na]
	at com.app.storage.service.StorageItemServiceHandler.saveStorageItems(StorageItemServiceHandler.java:56) [service-1.0-SNAPSHOT.jar:na]
	at com.app.storage.controller.StorageItemController.saveStorageItems(StorageItemController.java:90) [classes/:na]
	at sun.reflect.NativeMethodAccessorImpl.invoke0(Native Method) ~[na:1.8.0_121]
	at sun.reflect.NativeMethodAccessorImpl.invoke(NativeMethodAccessorImpl.java:62) ~[na:1.8.0_121]
	at sun.reflect.DelegatingMethodAccessorImpl.invoke(DelegatingMethodAccessorImpl.java:43) ~[na:1.8.0_121]
	at java.lang.reflect.Method.invoke(Method.java:498) ~[na:1.8.0_121]
	at org.springframework.web.method.support.InvocableHandlerMethod.doInvoke(InvocableHandlerMethod.java:221) [spring-web-4.1.6.RELEASE.jar:4.1.6.RELEASE]
	at org.springframework.web.method.support.InvocableHandlerMethod.invokeForRequest(InvocableHandlerMethod.java:137) [spring-web-4.1.6.RELEASE.jar:4.1.6.RELEASE]
	at org.springframework.web.servlet.mvc.method.annotation.ServletInvocableHandlerMethod.invokeAndHandle(ServletInvocableHandlerMethod.java:110) [spring-webmvc-4.1.6.RELEASE.jar:4.1.6.RELEASE]
	at org.springframework.web.servlet.mvc.method.annotation.RequestMappingHandlerAdapter.invokeHandleMethod(RequestMappingHandlerAdapter.java:776) [spring-webmvc-4.1.6.RELEASE.jar:4.1.6.RELEASE]
	at org.springframework.web.servlet.mvc.method.annotation.RequestMappingHandlerAdapter.handleInternal(RequestMappingHandlerAdapter.java:705) [spring-webmvc-4.1.6.RELEASE.jar:4.1.6.RELEASE]
	at org.springframework.web.servlet.mvc.method.AbstractHandlerMethodAdapter.handle(AbstractHandlerMethodAdapter.java:85) [spring-webmvc-4.1.6.RELEASE.jar:4.1.6.RELEASE]
	at org.springframework.web.servlet.DispatcherServlet.doDispatch(DispatcherServlet.java:959) [spring-webmvc-4.1.6.RELEASE.jar:4.1.6.RELEASE]
	at org.springframework.web.servlet.DispatcherServlet.doService(DispatcherServlet.java:893) [spring-webmvc-4.1.6.RELEASE.jar:4.1.6.RELEASE]
	at org.springframework.web.servlet.FrameworkServlet.processRequest(FrameworkServlet.java:966) [spring-webmvc-4.1.6.RELEASE.jar:4.1.6.RELEASE]
	at org.springframework.web.servlet.FrameworkServlet.doPost(FrameworkServlet.java:868) [spring-webmvc-4.1.6.RELEASE.jar:4.1.6.RELEASE]
	at javax.servlet.http.HttpServlet.service(HttpServlet.java:648) [servlet-api.jar:na]
	at org.springframework.web.servlet.FrameworkServlet.service(FrameworkServlet.java:842) [spring-webmvc-4.1.6.RELEASE.jar:4.1.6.RELEASE]
	at javax.servlet.http.HttpServlet.service(HttpServlet.java:729) [servlet-api.jar:na]
	at org.apache.catalina.core.ApplicationFilterChain.internalDoFilter(ApplicationFilterChain.java:230) [catalina.jar:9.0.0.M17]
	at org.apache.catalina.core.ApplicationFilterChain.doFilter(ApplicationFilterChain.java:165) [catalina.jar:9.0.0.M17]
	at org.apache.tomcat.websocket.server.WsFilter.doFilter(WsFilter.java:53) [tomcat-websocket.jar:9.0.0.M17]
	at org.apache.catalina.core.ApplicationFilterChain.internalDoFilter(ApplicationFilterChain.java:192) [catalina.jar:9.0.0.M17]
	at org.apache.catalina.core.ApplicationFilterChain.doFilter(ApplicationFilterChain.java:165) [catalina.jar:9.0.0.M17]
	at org.apache.catalina.core.StandardWrapperValve.invoke(StandardWrapperValve.java:199) [catalina.jar:9.0.0.M17]
	at org.apache.catalina.core.StandardContextValve.invoke(StandardContextValve.java:96) [catalina.jar:9.0.0.M17]
	at org.apache.catalina.authenticator.AuthenticatorBase.invoke(AuthenticatorBase.java:474) [catalina.jar:9.0.0.M17]
	at org.apache.catalina.core.StandardHostValve.invoke(StandardHostValve.java:140) [catalina.jar:9.0.0.M17]
	at org.apache.catalina.valves.ErrorReportValve.invoke(ErrorReportValve.java:79) [catalina.jar:9.0.0.M17]
	at org.apache.catalina.valves.AbstractAccessLogValve.invoke(AbstractAccessLogValve.java:624) [catalina.jar:9.0.0.M17]
	at org.apache.catalina.core.StandardEngineValve.invoke(StandardEngineValve.java:87) [catalina.jar:9.0.0.M17]
	at org.apache.catalina.connector.CoyoteAdapter.service(CoyoteAdapter.java:349) [catalina.jar:9.0.0.M17]
	at org.apache.coyote.http11.Http11Processor.service(Http11Processor.java:495) [tomcat-coyote.jar:9.0.0.M17]
	at org.apache.coyote.AbstractProcessorLight.process(AbstractProcessorLight.java:66) [tomcat-coyote.jar:9.0.0.M17]
	at org.apache.coyote.AbstractProtocol$ConnectionHandler.process(AbstractProtocol.java:767) [tomcat-coyote.jar:9.0.0.M17]
	at org.apache.tomcat.util.net.NioEndpoint$SocketProcessor.doRun(NioEndpoint.java:1347) [tomcat-coyote.jar:9.0.0.M17]
	at org.apache.tomcat.util.net.SocketProcessorBase.run(SocketProcessorBase.java:49) [tomcat-coyote.jar:9.0.0.M17]
	at java.util.concurrent.ThreadPoolExecutor.runWorker(ThreadPoolExecutor.java:1142) [na:1.8.0_121]
	at java.util.concurrent.ThreadPoolExecutor$Worker.run(ThreadPoolExecutor.java:617) [na:1.8.0_121]
	at org.apache.tomcat.util.threads.TaskThread$WrappingRunnable.run(TaskThread.java:61) [tomcat-util.jar:9.0.0.M17]
	at java.lang.Thread.run(Thread.java:745) [na:1.8.0_121]
2017-07-10 14:40:55 ERROR o.h.e.jdbc.spi.SqlExceptionHelper - Table 'storage_app_schema.hibernate_sequence' doesn't exist
2017-07-10 14:42:33 DEBUG c.a.s.c.StorageItemController - Saving storage items... [TestReferenceTestNameL]
2017-07-10 14:42:33 DEBUG c.a.s.c.m.StorageItemControllerMapper - Mapping storage item controller model TestReferenceTestNameL to domain model.
2017-07-10 14:42:33 DEBUG c.a.s.c.m.StorageItemControllerMapper - Mapped storage item controller model to domain model.
2017-07-10 14:42:33 DEBUG c.a.s.service.StorageItemService - Saving storage items
2017-07-10 14:42:33 DEBUG c.a.s.p.s.StorageItemPersistenceService - Saving storage items to database: [TestReferenceTestNameLnullnull]
2017-07-10 14:42:33 ERROR o.h.e.jdbc.spi.SqlExceptionHelper - Table 'storage_app_schema.storageitem' doesn't exist
2017-07-10 14:42:45 DEBUG c.a.s.c.StorageItemController - Saving storage items... [TestReferenceTestNameL]
2017-07-10 14:42:45 DEBUG c.a.s.c.m.StorageItemControllerMapper - Mapping storage item controller model TestReferenceTestNameL to domain model.
2017-07-10 14:42:45 DEBUG c.a.s.c.m.StorageItemControllerMapper - Mapped storage item controller model to domain model.
2017-07-10 14:42:45 DEBUG c.a.s.service.StorageItemService - Saving storage items
2017-07-10 14:42:45 DEBUG c.a.s.p.s.StorageItemPersistenceService - Saving storage items to database: [TestReferenceTestNameLnullnull]
2017-07-10 14:42:45 DEBUG c.a.s.p.s.StorageItemPersistenceService - Saved storage items to database.
2017-07-10 14:42:45 DEBUG c.a.s.service.StorageItemService - Success saving storage items.
2017-07-10 14:42:45 DEBUG c.a.s.c.StorageItemController - Successfully saved storage items.
2017-07-10 14:46:05 DEBUG c.a.s.c.StorageItemController - Saving storage items... [TestReferenceTestNameL]
2017-07-10 14:46:05 DEBUG c.a.s.c.m.StorageItemControllerMapper - Mapping storage item controller model TestReferenceTestNameL to domain model.
2017-07-10 14:46:05 DEBUG c.a.s.c.m.StorageItemControllerMapper - Mapped storage item controller model to domain model.
2017-07-10 14:46:05 DEBUG c.a.s.service.StorageItemService - Saving storage items
2017-07-10 14:46:05 DEBUG c.a.s.p.s.StorageItemPersistenceService - Saving storage items to database: [TestReferenceTestNameLnullnull]
2017-07-10 14:46:05 DEBUG c.a.s.p.s.StorageItemPersistenceService - Saved storage items to database.
2017-07-10 14:46:05 DEBUG c.a.s.service.StorageItemService - Success saving storage items.
2017-07-10 14:46:05 DEBUG c.a.s.c.StorageItemController - Successfully saved storage items.
2017-07-10 14:46:34 DEBUG c.a.s.c.StorageItemController - Saving storage items... [TestReferenceTestNameL]
2017-07-10 14:46:34 DEBUG c.a.s.c.m.StorageItemControllerMapper - Mapping storage item controller model TestReferenceTestNameL to domain model.
2017-07-10 14:46:34 DEBUG c.a.s.c.m.StorageItemControllerMapper - Mapped storage item controller model to domain model.
2017-07-10 14:46:34 DEBUG c.a.s.service.StorageItemService - Saving storage items
2017-07-10 14:46:34 DEBUG c.a.s.p.s.StorageItemPersistenceService - Saving storage items to database: [TestReferenceTestNameLnullnull]
2017-07-10 14:46:35 ERROR o.h.e.jdbc.spi.SqlExceptionHelper - Table 'storage_app_schema.storageitem' doesn't exist
2017-07-10 20:56:45 DEBUG c.a.s.c.StorageItemController - Getting all stored items.
2017-07-10 20:56:45 DEBUG c.a.s.service.StorageItemService - Retrieving storage items.
2017-07-10 20:56:45 DEBUG c.a.s.p.s.StorageItemPersistenceService - Retrieving all storage items.
2017-07-10 20:56:46 ERROR o.h.e.jdbc.spi.SqlExceptionHelper - Table 'storage_app_schema.storageitem' doesn't exist
2017-07-10 21:00:56 DEBUG c.a.s.c.StorageItemController - Getting all stored items.
2017-07-10 21:00:56 DEBUG c.a.s.service.StorageItemService - Retrieving storage items.
2017-07-10 21:00:56 DEBUG c.a.s.p.s.StorageItemPersistenceService - Retrieving all storage items.
2017-07-10 21:00:57 ERROR o.h.e.jdbc.spi.SqlExceptionHelper - Table 'storage_app_schema.storageitem' doesn't exist
2017-07-10 21:01:21 DEBUG c.a.s.c.StorageItemController - Getting all stored items.
2017-07-10 21:01:21 DEBUG c.a.s.service.StorageItemService - Retrieving storage items.
2017-07-10 21:01:21 DEBUG c.a.s.p.s.StorageItemPersistenceService - Retrieving all storage items.
2017-07-10 21:01:22 DEBUG c.a.s.p.s.StorageItemPersistenceService - Successfully retrieved all storage items: []
2017-07-10 21:01:22 DEBUG c.a.s.service.StorageItemService - Successfully retrieved storage items: []
2017-07-10 21:01:22 DEBUG c.a.s.c.StorageItemController - Successfully returned all stored items: [].
2017-07-10 21:01:59 DEBUG c.a.s.c.StorageItemController - Getting all stored items.
2017-07-10 21:01:59 DEBUG c.a.s.service.StorageItemService - Retrieving storage items.
2017-07-10 21:01:59 DEBUG c.a.s.p.s.StorageItemPersistenceService - Retrieving all storage items.
2017-07-10 21:02:00 DEBUG c.a.s.p.s.StorageItemPersistenceService - Successfully retrieved all storage items: []
2017-07-10 21:02:00 DEBUG c.a.s.service.StorageItemService - Successfully retrieved storage items: []
2017-07-10 21:02:00 DEBUG c.a.s.c.StorageItemController - Successfully returned all stored items: [].
2017-07-10 21:58:34 DEBUG c.a.s.c.StorageItemController - Saving storage items... [TestReferenceTestNameL]
2017-07-10 21:58:34 DEBUG c.a.s.c.m.StorageItemControllerMapper - Mapping storage item controller model TestReferenceTestNameL to domain model.
2017-07-10 21:58:34 DEBUG c.a.s.c.m.StorageItemControllerMapper - Mapped storage item controller model to domain model.
2017-07-10 21:58:34 DEBUG c.a.s.service.StorageItemService - Saving storage items
2017-07-10 21:58:34 DEBUG c.a.s.p.s.StorageItemPersistenceService - Saving storage items to database: [TestReferenceTestNameLnullnull]
2017-07-10 21:58:34 DEBUG c.a.s.p.s.StorageItemPersistenceService - Saved storage items to database.
2017-07-10 21:58:34 DEBUG c.a.s.service.StorageItemService - Success saving storage items.
2017-07-10 21:58:34 DEBUG c.a.s.c.StorageItemController - Successfully saved storage items.
2017-07-10 21:59:14 DEBUG c.a.s.c.StorageItemController - Saving storage items... [TestReferenceTestNameL]
2017-07-10 21:59:14 DEBUG c.a.s.c.m.StorageItemControllerMapper - Mapping storage item controller model TestReferenceTestNameL to domain model.
2017-07-10 21:59:14 DEBUG c.a.s.c.m.StorageItemControllerMapper - Mapped storage item controller model to domain model.
2017-07-10 21:59:14 DEBUG c.a.s.service.StorageItemService - Saving storage items
2017-07-10 21:59:14 DEBUG c.a.s.p.s.StorageItemPersistenceService - Saving storage items to database: [TestReferenceTestNameLnullnull]
2017-07-10 21:59:14 DEBUG c.a.s.p.s.StorageItemPersistenceService - Saved storage items to database.
2017-07-10 21:59:14 DEBUG c.a.s.service.StorageItemService - Success saving storage items.
2017-07-10 21:59:14 DEBUG c.a.s.c.StorageItemController - Successfully saved storage items.
2017-07-10 21:59:26 DEBUG c.a.s.c.StorageItemController - Saving storage items... [TestReferenceTestNameL]
2017-07-10 21:59:26 DEBUG c.a.s.c.m.StorageItemControllerMapper - Mapping storage item controller model TestReferenceTestNameL to domain model.
2017-07-10 21:59:26 DEBUG c.a.s.c.m.StorageItemControllerMapper - Mapped storage item controller model to domain model.
2017-07-10 21:59:26 DEBUG c.a.s.service.StorageItemService - Saving storage items
2017-07-10 21:59:26 DEBUG c.a.s.p.s.StorageItemPersistenceService - Saving storage items to database: [TestReferenceTestNameLnullnull]
2017-07-10 21:59:26 DEBUG c.a.s.p.s.StorageItemPersistenceService - Saved storage items to database.
2017-07-10 21:59:26 DEBUG c.a.s.service.StorageItemService - Success saving storage items.
2017-07-10 21:59:26 DEBUG c.a.s.c.StorageItemController - Successfully saved storage items.
2017-07-10 23:29:23 DEBUG c.a.s.c.StorageItemController - Getting all stored items.
2017-07-10 23:29:23 DEBUG c.a.s.service.StorageItemService - Retrieving storage items.
2017-07-10 23:29:23 DEBUG c.a.s.p.s.StorageItemPersistenceService - Retrieving all storage items.
2017-07-10 23:29:24 DEBUG c.a.s.p.s.StorageItemPersistenceService - Successfully retrieved all storage items: [TestReferenceTestNameLnullnull]
2017-07-10 23:29:24 DEBUG c.a.s.service.StorageItemService - Successfully retrieved storage items: [TestReferenceTestNameLnullnull]
2017-07-10 23:29:24 DEBUG c.a.s.c.m.StorageItemControllerMapper - Mapping storage item TestReferenceTestNameLnullnull to storage item controller model.
2017-07-10 23:29:24 DEBUG c.a.s.c.m.StorageItemControllerMapper - Successfully mapped storage item to controller model TestReferenceTestNameL.
2017-07-10 23:29:24 DEBUG c.a.s.c.StorageItemController - Successfully returned all stored items: [TestReferenceTestNameL].
