2017-07-18 22:23:34 ERROR o.s.web.servlet.DispatcherServlet - Context initialization failed
org.springframework.beans.factory.BeanCreationException: Error creating bean with name 'springSecurityFilterChain' defined in class path resource [org/springframework/security/config/annotation/web/configuration/WebSecurityConfiguration.class]: Bean instantiation via factory method failed; nested exception is org.springframework.beans.BeanInstantiationException: Failed to instantiate [javax.servlet.Filter]: Factory method 'springSecurityFilterChain' threw exception; nested exception is java.lang.IllegalStateException: At least one mapping is required (i.e. authorizeRequests().anyRequest().authenticated())
	at org.springframework.beans.factory.support.ConstructorResolver.instantiateUsingFactoryMethod(ConstructorResolver.java:599) ~[spring-beans-4.3.9.RELEASE.jar:4.3.9.RELEASE]
	at org.springframework.beans.factory.support.AbstractAutowireCapableBeanFactory.instantiateUsingFactoryMethod(AbstractAutowireCapableBeanFactory.java:1173) ~[spring-beans-4.3.9.RELEASE.jar:4.3.9.RELEASE]
	at org.springframework.beans.factory.support.AbstractAutowireCapableBeanFactory.createBeanInstance(AbstractAutowireCapableBeanFactory.java:1067) ~[spring-beans-4.3.9.RELEASE.jar:4.3.9.RELEASE]
	at org.springframework.beans.factory.support.AbstractAutowireCapableBeanFactory.doCreateBean(AbstractAutowireCapableBeanFactory.java:513) ~[spring-beans-4.3.9.RELEASE.jar:4.3.9.RELEASE]
	at org.springframework.beans.factory.support.AbstractAutowireCapableBeanFactory.createBean(AbstractAutowireCapableBeanFactory.java:483) ~[spring-beans-4.3.9.RELEASE.jar:4.3.9.RELEASE]
	at org.springframework.beans.factory.support.AbstractBeanFactory$1.getObject(AbstractBeanFactory.java:306) ~[spring-beans-4.3.9.RELEASE.jar:4.3.9.RELEASE]
	at org.springframework.beans.factory.support.DefaultSingletonBeanRegistry.getSingleton(DefaultSingletonBeanRegistry.java:230) ~[spring-beans-4.3.9.RELEASE.jar:4.3.9.RELEASE]
	at org.springframework.beans.factory.support.AbstractBeanFactory.doGetBean(AbstractBeanFactory.java:302) ~[spring-beans-4.3.9.RELEASE.jar:4.3.9.RELEASE]
	at org.springframework.beans.factory.support.AbstractBeanFactory.getBean(AbstractBeanFactory.java:197) ~[spring-beans-4.3.9.RELEASE.jar:4.3.9.RELEASE]
	at org.springframework.beans.factory.support.AbstractBeanFactory.doGetBean(AbstractBeanFactory.java:296) ~[spring-beans-4.3.9.RELEASE.jar:4.3.9.RELEASE]
	at org.springframework.beans.factory.support.AbstractBeanFactory.getBean(AbstractBeanFactory.java:197) ~[spring-beans-4.3.9.RELEASE.jar:4.3.9.RELEASE]
	at org.springframework.beans.factory.support.DefaultListableBeanFactory.preInstantiateSingletons(DefaultListableBeanFactory.java:761) ~[spring-beans-4.3.9.RELEASE.jar:4.3.9.RELEASE]
	at org.springframework.context.support.AbstractApplicationContext.finishBeanFactoryInitialization(AbstractApplicationContext.java:867) ~[spring-context-4.3.9.RELEASE.jar:4.3.9.RELEASE]
	at org.springframework.context.support.AbstractApplicationContext.refresh(AbstractApplicationContext.java:543) ~[spring-context-4.3.9.RELEASE.jar:4.3.9.RELEASE]
	at org.springframework.web.servlet.FrameworkServlet.configureAndRefreshWebApplicationContext(FrameworkServlet.java:663) ~[spring-webmvc-4.1.6.RELEASE.jar:4.1.6.RELEASE]
	at org.springframework.web.servlet.FrameworkServlet.createWebApplicationContext(FrameworkServlet.java:629) ~[spring-webmvc-4.1.6.RELEASE.jar:4.1.6.RELEASE]
	at org.springframework.web.servlet.FrameworkServlet.createWebApplicationContext(FrameworkServlet.java:677) ~[spring-webmvc-4.1.6.RELEASE.jar:4.1.6.RELEASE]
	at org.springframework.web.servlet.FrameworkServlet.initWebApplicationContext(FrameworkServlet.java:548) ~[spring-webmvc-4.1.6.RELEASE.jar:4.1.6.RELEASE]
	at org.springframework.web.servlet.FrameworkServlet.initServletBean(FrameworkServlet.java:489) ~[spring-webmvc-4.1.6.RELEASE.jar:4.1.6.RELEASE]
	at org.springframework.web.servlet.HttpServletBean.init(HttpServletBean.java:136) [spring-webmvc-4.1.6.RELEASE.jar:4.1.6.RELEASE]
	at javax.servlet.GenericServlet.init(GenericServlet.java:158) [servlet-api.jar:4.0.EDR-b01]
	at org.apache.catalina.core.StandardWrapper.initServlet(StandardWrapper.java:1183) [catalina.jar:9.0.0.M17]
	at org.apache.catalina.core.StandardWrapper.loadServlet(StandardWrapper.java:1099) [catalina.jar:9.0.0.M17]
	at org.apache.catalina.core.StandardWrapper.load(StandardWrapper.java:989) [catalina.jar:9.0.0.M17]
	at org.apache.catalina.core.StandardContext.loadOnStartup(StandardContext.java:4903) [catalina.jar:9.0.0.M17]
	at org.apache.catalina.core.StandardContext.startInternal(StandardContext.java:5213) [catalina.jar:9.0.0.M17]
	at org.apache.catalina.util.LifecycleBase.start(LifecycleBase.java:183) [catalina.jar:9.0.0.M17]
	at org.apache.catalina.core.ContainerBase.addChildInternal(ContainerBase.java:752) [catalina.jar:9.0.0.M17]
	at org.apache.catalina.core.ContainerBase.addChild(ContainerBase.java:728) [catalina.jar:9.0.0.M17]
	at org.apache.catalina.core.StandardHost.addChild(StandardHost.java:734) [catalina.jar:9.0.0.M17]
	at org.apache.catalina.startup.HostConfig.deployWAR(HostConfig.java:952) [catalina.jar:9.0.0.M17]
	at org.apache.catalina.startup.HostConfig$DeployWar.run(HostConfig.java:1823) [catalina.jar:9.0.0.M17]
	at java.util.concurrent.Executors$RunnableAdapter.call(Executors.java:511) [na:1.8.0_121]
	at java.util.concurrent.FutureTask.run(FutureTask.java:266) [na:1.8.0_121]
	at java.util.concurrent.ThreadPoolExecutor.runWorker(ThreadPoolExecutor.java:1142) [na:1.8.0_121]
	at java.util.concurrent.ThreadPoolExecutor$Worker.run(ThreadPoolExecutor.java:617) [na:1.8.0_121]
	at java.lang.Thread.run(Thread.java:745) [na:1.8.0_121]
Caused by: org.springframework.beans.BeanInstantiationException: Failed to instantiate [javax.servlet.Filter]: Factory method 'springSecurityFilterChain' threw exception; nested exception is java.lang.IllegalStateException: At least one mapping is required (i.e. authorizeRequests().anyRequest().authenticated())
	at org.springframework.beans.factory.support.SimpleInstantiationStrategy.instantiate(SimpleInstantiationStrategy.java:189) ~[spring-beans-4.3.9.RELEASE.jar:4.3.9.RELEASE]
	at org.springframework.beans.factory.support.ConstructorResolver.instantiateUsingFactoryMethod(ConstructorResolver.java:588) ~[spring-beans-4.3.9.RELEASE.jar:4.3.9.RELEASE]
	... 36 common frames omitted
Caused by: java.lang.IllegalStateException: At least one mapping is required (i.e. authorizeRequests().anyRequest().authenticated())
	at org.springframework.security.config.annotation.web.configurers.ExpressionUrlAuthorizationConfigurer.createMetadataSource(ExpressionUrlAuthorizationConfigurer.java:199) ~[spring-security-config-4.2.3.RELEASE.jar:4.2.3.RELEASE]
	at org.springframework.security.config.annotation.web.configurers.ExpressionUrlAuthorizationConfigurer.createMetadataSource(ExpressionUrlAuthorizationConfigurer.java:80) ~[spring-security-config-4.2.3.RELEASE.jar:4.2.3.RELEASE]
	at org.springframework.security.config.annotation.web.configurers.AbstractInterceptUrlConfigurer.configure(AbstractInterceptUrlConfigurer.java:75) ~[spring-security-config-4.2.3.RELEASE.jar:4.2.3.RELEASE]
	at org.springframework.security.config.annotation.web.configurers.ExpressionUrlAuthorizationConfigurer.configure(ExpressionUrlAuthorizationConfigurer.java:80) ~[spring-security-config-4.2.3.RELEASE.jar:4.2.3.RELEASE]
	at org.springframework.security.config.annotation.web.configurers.AbstractInterceptUrlConfigurer.configure(AbstractInterceptUrlConfigurer.java:67) ~[spring-security-config-4.2.3.RELEASE.jar:4.2.3.RELEASE]
	at org.springframework.security.config.annotation.AbstractConfiguredSecurityBuilder.configure(AbstractConfiguredSecurityBuilder.java:384) ~[spring-security-config-4.2.3.RELEASE.jar:4.2.3.RELEASE]
	at org.springframework.security.config.annotation.AbstractConfiguredSecurityBuilder.doBuild(AbstractConfiguredSecurityBuilder.java:330) ~[spring-security-config-4.2.3.RELEASE.jar:4.2.3.RELEASE]
	at org.springframework.security.config.annotation.AbstractSecurityBuilder.build(AbstractSecurityBuilder.java:41) ~[spring-security-config-4.2.3.RELEASE.jar:4.2.3.RELEASE]
	at org.springframework.security.config.annotation.web.builders.WebSecurity.performBuild(WebSecurity.java:290) ~[spring-security-config-4.2.3.RELEASE.jar:4.2.3.RELEASE]
	at org.springframework.security.config.annotation.web.builders.WebSecurity.performBuild(WebSecurity.java:77) ~[spring-security-config-4.2.3.RELEASE.jar:4.2.3.RELEASE]
	at org.springframework.security.config.annotation.AbstractConfiguredSecurityBuilder.doBuild(AbstractConfiguredSecurityBuilder.java:334) ~[spring-security-config-4.2.3.RELEASE.jar:4.2.3.RELEASE]
	at org.springframework.security.config.annotation.AbstractSecurityBuilder.build(AbstractSecurityBuilder.java:41) ~[spring-security-config-4.2.3.RELEASE.jar:4.2.3.RELEASE]
	at org.springframework.security.config.annotation.web.configuration.WebSecurityConfiguration.springSecurityFilterChain(WebSecurityConfiguration.java:104) ~[spring-security-config-4.2.3.RELEASE.jar:4.2.3.RELEASE]
	at org.springframework.security.config.annotation.web.configuration.WebSecurityConfiguration$$EnhancerBySpringCGLIB$$420ac463.CGLIB$springSecurityFilterChain$2(<generated>) ~[spring-security-config-4.2.3.RELEASE.jar:4.2.3.RELEASE]
	at org.springframework.security.config.annotation.web.configuration.WebSecurityConfiguration$$EnhancerBySpringCGLIB$$420ac463$$FastClassBySpringCGLIB$$94c9c888.invoke(<generated>) ~[spring-security-config-4.2.3.RELEASE.jar:4.2.3.RELEASE]
	at org.springframework.cglib.proxy.MethodProxy.invokeSuper(MethodProxy.java:228) ~[spring-core-4.3.9.RELEASE.jar:4.3.9.RELEASE]
	at org.springframework.context.annotation.ConfigurationClassEnhancer$BeanMethodInterceptor.intercept(ConfigurationClassEnhancer.java:358) ~[spring-context-4.3.9.RELEASE.jar:4.3.9.RELEASE]
	at org.springframework.security.config.annotation.web.configuration.WebSecurityConfiguration$$EnhancerBySpringCGLIB$$420ac463.springSecurityFilterChain(<generated>) ~[spring-security-config-4.2.3.RELEASE.jar:4.2.3.RELEASE]
	at sun.reflect.NativeMethodAccessorImpl.invoke0(Native Method) ~[na:1.8.0_121]
	at sun.reflect.NativeMethodAccessorImpl.invoke(NativeMethodAccessorImpl.java:62) ~[na:1.8.0_121]
	at sun.reflect.DelegatingMethodAccessorImpl.invoke(DelegatingMethodAccessorImpl.java:43) ~[na:1.8.0_121]
	at java.lang.reflect.Method.invoke(Method.java:498) ~[na:1.8.0_121]
	at org.springframework.beans.factory.support.SimpleInstantiationStrategy.instantiate(SimpleInstantiationStrategy.java:162) ~[spring-beans-4.3.9.RELEASE.jar:4.3.9.RELEASE]
	... 37 common frames omitted
2017-07-18 22:23:36 ERROR o.s.web.servlet.DispatcherServlet - Context initialization failed
org.springframework.beans.factory.BeanCreationException: Error creating bean with name 'springSecurityFilterChain' defined in class path resource [org/springframework/security/config/annotation/web/configuration/WebSecurityConfiguration.class]: Bean instantiation via factory method failed; nested exception is org.springframework.beans.BeanInstantiationException: Failed to instantiate [javax.servlet.Filter]: Factory method 'springSecurityFilterChain' threw exception; nested exception is java.lang.IllegalStateException: At least one mapping is required (i.e. authorizeRequests().anyRequest().authenticated())
	at org.springframework.beans.factory.support.ConstructorResolver.instantiateUsingFactoryMethod(ConstructorResolver.java:599) ~[spring-beans-4.3.9.RELEASE.jar:4.3.9.RELEASE]
	at org.springframework.beans.factory.support.AbstractAutowireCapableBeanFactory.instantiateUsingFactoryMethod(AbstractAutowireCapableBeanFactory.java:1173) ~[spring-beans-4.3.9.RELEASE.jar:4.3.9.RELEASE]
	at org.springframework.beans.factory.support.AbstractAutowireCapableBeanFactory.createBeanInstance(AbstractAutowireCapableBeanFactory.java:1067) ~[spring-beans-4.3.9.RELEASE.jar:4.3.9.RELEASE]
	at org.springframework.beans.factory.support.AbstractAutowireCapableBeanFactory.doCreateBean(AbstractAutowireCapableBeanFactory.java:513) ~[spring-beans-4.3.9.RELEASE.jar:4.3.9.RELEASE]
	at org.springframework.beans.factory.support.AbstractAutowireCapableBeanFactory.createBean(AbstractAutowireCapableBeanFactory.java:483) ~[spring-beans-4.3.9.RELEASE.jar:4.3.9.RELEASE]
	at org.springframework.beans.factory.support.AbstractBeanFactory$1.getObject(AbstractBeanFactory.java:306) ~[spring-beans-4.3.9.RELEASE.jar:4.3.9.RELEASE]
	at org.springframework.beans.factory.support.DefaultSingletonBeanRegistry.getSingleton(DefaultSingletonBeanRegistry.java:230) ~[spring-beans-4.3.9.RELEASE.jar:4.3.9.RELEASE]
	at org.springframework.beans.factory.support.AbstractBeanFactory.doGetBean(AbstractBeanFactory.java:302) ~[spring-beans-4.3.9.RELEASE.jar:4.3.9.RELEASE]
	at org.springframework.beans.factory.support.AbstractBeanFactory.getBean(AbstractBeanFactory.java:197) ~[spring-beans-4.3.9.RELEASE.jar:4.3.9.RELEASE]
	at org.springframework.beans.factory.support.AbstractBeanFactory.doGetBean(AbstractBeanFactory.java:296) ~[spring-beans-4.3.9.RELEASE.jar:4.3.9.RELEASE]
	at org.springframework.beans.factory.support.AbstractBeanFactory.getBean(AbstractBeanFactory.java:197) ~[spring-beans-4.3.9.RELEASE.jar:4.3.9.RELEASE]
	at org.springframework.beans.factory.support.DefaultListableBeanFactory.preInstantiateSingletons(DefaultListableBeanFactory.java:761) ~[spring-beans-4.3.9.RELEASE.jar:4.3.9.RELEASE]
	at org.springframework.context.support.AbstractApplicationContext.finishBeanFactoryInitialization(AbstractApplicationContext.java:867) ~[spring-context-4.3.9.RELEASE.jar:4.3.9.RELEASE]
	at org.springframework.context.support.AbstractApplicationContext.refresh(AbstractApplicationContext.java:543) ~[spring-context-4.3.9.RELEASE.jar:4.3.9.RELEASE]
	at org.springframework.web.servlet.FrameworkServlet.configureAndRefreshWebApplicationContext(FrameworkServlet.java:663) ~[spring-webmvc-4.1.6.RELEASE.jar:4.1.6.RELEASE]
	at org.springframework.web.servlet.FrameworkServlet.createWebApplicationContext(FrameworkServlet.java:629) ~[spring-webmvc-4.1.6.RELEASE.jar:4.1.6.RELEASE]
	at org.springframework.web.servlet.FrameworkServlet.createWebApplicationContext(FrameworkServlet.java:677) ~[spring-webmvc-4.1.6.RELEASE.jar:4.1.6.RELEASE]
	at org.springframework.web.servlet.FrameworkServlet.initWebApplicationContext(FrameworkServlet.java:548) ~[spring-webmvc-4.1.6.RELEASE.jar:4.1.6.RELEASE]
	at org.springframework.web.servlet.FrameworkServlet.initServletBean(FrameworkServlet.java:489) ~[spring-webmvc-4.1.6.RELEASE.jar:4.1.6.RELEASE]
	at org.springframework.web.servlet.HttpServletBean.init(HttpServletBean.java:136) [spring-webmvc-4.1.6.RELEASE.jar:4.1.6.RELEASE]
	at javax.servlet.GenericServlet.init(GenericServlet.java:158) [servlet-api.jar:4.0.EDR-b01]
	at org.apache.catalina.core.StandardWrapper.initServlet(StandardWrapper.java:1183) [catalina.jar:9.0.0.M17]
	at org.apache.catalina.core.StandardWrapper.loadServlet(StandardWrapper.java:1099) [catalina.jar:9.0.0.M17]
	at org.apache.catalina.core.StandardWrapper.allocate(StandardWrapper.java:779) [catalina.jar:9.0.0.M17]
	at org.apache.catalina.core.StandardWrapperValve.invoke(StandardWrapperValve.java:133) [catalina.jar:9.0.0.M17]
	at org.apache.catalina.core.StandardContextValve.invoke(StandardContextValve.java:96) [catalina.jar:9.0.0.M17]
	at org.apache.catalina.authenticator.AuthenticatorBase.invoke(AuthenticatorBase.java:474) [catalina.jar:9.0.0.M17]
	at org.apache.catalina.core.StandardHostValve.invoke(StandardHostValve.java:140) [catalina.jar:9.0.0.M17]
	at org.apache.catalina.valves.ErrorReportValve.invoke(ErrorReportValve.java:79) [catalina.jar:9.0.0.M17]
	at org.apache.catalina.valves.AbstractAccessLogValve.invoke(AbstractAccessLogValve.java:624) [catalina.jar:9.0.0.M17]
	at org.apache.catalina.core.StandardEngineValve.invoke(StandardEngineValve.java:87) [catalina.jar:9.0.0.M17]
	at org.apache.catalina.connector.CoyoteAdapter.service(CoyoteAdapter.java:349) [catalina.jar:9.0.0.M17]
	at org.apache.coyote.http11.Http11Processor.service(Http11Processor.java:495) [tomcat-coyote.jar:9.0.0.M17]
	at org.apache.coyote.AbstractProcessorLight.process(AbstractProcessorLight.java:66) [tomcat-coyote.jar:9.0.0.M17]
	at org.apache.coyote.AbstractProtocol$ConnectionHandler.process(AbstractProtocol.java:767) [tomcat-coyote.jar:9.0.0.M17]
	at org.apache.tomcat.util.net.NioEndpoint$SocketProcessor.doRun(NioEndpoint.java:1347) [tomcat-coyote.jar:9.0.0.M17]
	at org.apache.tomcat.util.net.SocketProcessorBase.run(SocketProcessorBase.java:49) [tomcat-coyote.jar:9.0.0.M17]
	at java.util.concurrent.ThreadPoolExecutor.runWorker(ThreadPoolExecutor.java:1142) [na:1.8.0_121]
	at java.util.concurrent.ThreadPoolExecutor$Worker.run(ThreadPoolExecutor.java:617) [na:1.8.0_121]
	at org.apache.tomcat.util.threads.TaskThread$WrappingRunnable.run(TaskThread.java:61) [tomcat-util.jar:9.0.0.M17]
	at java.lang.Thread.run(Thread.java:745) [na:1.8.0_121]
Caused by: org.springframework.beans.BeanInstantiationException: Failed to instantiate [javax.servlet.Filter]: Factory method 'springSecurityFilterChain' threw exception; nested exception is java.lang.IllegalStateException: At least one mapping is required (i.e. authorizeRequests().anyRequest().authenticated())
	at org.springframework.beans.factory.support.SimpleInstantiationStrategy.instantiate(SimpleInstantiationStrategy.java:189) ~[spring-beans-4.3.9.RELEASE.jar:4.3.9.RELEASE]
	at org.springframework.beans.factory.support.ConstructorResolver.instantiateUsingFactoryMethod(ConstructorResolver.java:588) ~[spring-beans-4.3.9.RELEASE.jar:4.3.9.RELEASE]
	... 40 common frames omitted
Caused by: java.lang.IllegalStateException: At least one mapping is required (i.e. authorizeRequests().anyRequest().authenticated())
	at org.springframework.security.config.annotation.web.configurers.ExpressionUrlAuthorizationConfigurer.createMetadataSource(ExpressionUrlAuthorizationConfigurer.java:199) ~[spring-security-config-4.2.3.RELEASE.jar:4.2.3.RELEASE]
	at org.springframework.security.config.annotation.web.configurers.ExpressionUrlAuthorizationConfigurer.createMetadataSource(ExpressionUrlAuthorizationConfigurer.java:80) ~[spring-security-config-4.2.3.RELEASE.jar:4.2.3.RELEASE]
	at org.springframework.security.config.annotation.web.configurers.AbstractInterceptUrlConfigurer.configure(AbstractInterceptUrlConfigurer.java:75) ~[spring-security-config-4.2.3.RELEASE.jar:4.2.3.RELEASE]
	at org.springframework.security.config.annotation.web.configurers.ExpressionUrlAuthorizationConfigurer.configure(ExpressionUrlAuthorizationConfigurer.java:80) ~[spring-security-config-4.2.3.RELEASE.jar:4.2.3.RELEASE]
	at org.springframework.security.config.annotation.web.configurers.AbstractInterceptUrlConfigurer.configure(AbstractInterceptUrlConfigurer.java:67) ~[spring-security-config-4.2.3.RELEASE.jar:4.2.3.RELEASE]
	at org.springframework.security.config.annotation.AbstractConfiguredSecurityBuilder.configure(AbstractConfiguredSecurityBuilder.java:384) ~[spring-security-config-4.2.3.RELEASE.jar:4.2.3.RELEASE]
	at org.springframework.security.config.annotation.AbstractConfiguredSecurityBuilder.doBuild(AbstractConfiguredSecurityBuilder.java:330) ~[spring-security-config-4.2.3.RELEASE.jar:4.2.3.RELEASE]
	at org.springframework.security.config.annotation.AbstractSecurityBuilder.build(AbstractSecurityBuilder.java:41) ~[spring-security-config-4.2.3.RELEASE.jar:4.2.3.RELEASE]
	at org.springframework.security.config.annotation.web.builders.WebSecurity.performBuild(WebSecurity.java:290) ~[spring-security-config-4.2.3.RELEASE.jar:4.2.3.RELEASE]
	at org.springframework.security.config.annotation.web.builders.WebSecurity.performBuild(WebSecurity.java:77) ~[spring-security-config-4.2.3.RELEASE.jar:4.2.3.RELEASE]
	at org.springframework.security.config.annotation.AbstractConfiguredSecurityBuilder.doBuild(AbstractConfiguredSecurityBuilder.java:334) ~[spring-security-config-4.2.3.RELEASE.jar:4.2.3.RELEASE]
	at org.springframework.security.config.annotation.AbstractSecurityBuilder.build(AbstractSecurityBuilder.java:41) ~[spring-security-config-4.2.3.RELEASE.jar:4.2.3.RELEASE]
	at org.springframework.security.config.annotation.web.configuration.WebSecurityConfiguration.springSecurityFilterChain(WebSecurityConfiguration.java:104) ~[spring-security-config-4.2.3.RELEASE.jar:4.2.3.RELEASE]
	at org.springframework.security.config.annotation.web.configuration.WebSecurityConfiguration$$EnhancerBySpringCGLIB$$420ac463.CGLIB$springSecurityFilterChain$2(<generated>) ~[spring-security-config-4.2.3.RELEASE.jar:4.2.3.RELEASE]
	at org.springframework.security.config.annotation.web.configuration.WebSecurityConfiguration$$EnhancerBySpringCGLIB$$420ac463$$FastClassBySpringCGLIB$$94c9c888.invoke(<generated>) ~[spring-security-config-4.2.3.RELEASE.jar:4.2.3.RELEASE]
	at org.springframework.cglib.proxy.MethodProxy.invokeSuper(MethodProxy.java:228) ~[spring-core-4.3.9.RELEASE.jar:4.3.9.RELEASE]
	at org.springframework.context.annotation.ConfigurationClassEnhancer$BeanMethodInterceptor.intercept(ConfigurationClassEnhancer.java:358) ~[spring-context-4.3.9.RELEASE.jar:4.3.9.RELEASE]
	at org.springframework.security.config.annotation.web.configuration.WebSecurityConfiguration$$EnhancerBySpringCGLIB$$420ac463.springSecurityFilterChain(<generated>) ~[spring-security-config-4.2.3.RELEASE.jar:4.2.3.RELEASE]
	at sun.reflect.NativeMethodAccessorImpl.invoke0(Native Method) ~[na:1.8.0_121]
	at sun.reflect.NativeMethodAccessorImpl.invoke(NativeMethodAccessorImpl.java:62) ~[na:1.8.0_121]
	at sun.reflect.DelegatingMethodAccessorImpl.invoke(DelegatingMethodAccessorImpl.java:43) ~[na:1.8.0_121]
	at java.lang.reflect.Method.invoke(Method.java:498) ~[na:1.8.0_121]
	at org.springframework.beans.factory.support.SimpleInstantiationStrategy.instantiate(SimpleInstantiationStrategy.java:162) ~[spring-beans-4.3.9.RELEASE.jar:4.3.9.RELEASE]
	... 41 common frames omitted
2017-07-18 22:40:23 DEBUG c.a.s.c.StorageItemController - Saving storage items... [nullTestNameL]
2017-07-18 22:40:23 DEBUG c.a.s.c.m.StorageItemControllerMapper - Mapping storage item controller model nullTestNameL to domain model.
2017-07-18 22:40:23 DEBUG c.a.s.c.m.StorageItemControllerMapper - Mapped storage item controller model to domain model.
2017-07-18 22:40:23 DEBUG c.a.s.service.StorageItemService - Saving storage items
2017-07-18 22:40:23 DEBUG c.a.s.p.s.StorageItemPersistenceService - Saving storage items to database: [nullTestNameLnullnull]
2017-07-18 22:42:36 DEBUG c.a.s.c.StorageItemController - Saving storage items... [nullTestNameL]
2017-07-18 22:42:36 DEBUG c.a.s.c.m.StorageItemControllerMapper - Mapping storage item controller model nullTestNameL to domain model.
2017-07-18 22:42:36 DEBUG c.a.s.c.m.StorageItemControllerMapper - Mapped storage item controller model to domain model.
2017-07-18 22:42:36 DEBUG c.a.s.service.StorageItemService - Saving storage items
2017-07-18 22:42:36 DEBUG c.a.s.p.s.StorageItemPersistenceService - Saving storage items to database: [nullTestNameLnullnull]
2017-07-18 22:42:36 ERROR o.h.id.enhanced.TableStructure - could not read a hi value
com.mysql.jdbc.exceptions.jdbc4.MySQLSyntaxErrorException: Table 'storage_app_schema.hibernate_sequence' doesn't exist
	at sun.reflect.NativeConstructorAccessorImpl.newInstance0(Native Method) ~[na:1.8.0_121]
	at sun.reflect.NativeConstructorAccessorImpl.newInstance(NativeConstructorAccessorImpl.java:62) ~[na:1.8.0_121]
	at sun.reflect.DelegatingConstructorAccessorImpl.newInstance(DelegatingConstructorAccessorImpl.java:45) ~[na:1.8.0_121]
	at java.lang.reflect.Constructor.newInstance(Constructor.java:423) ~[na:1.8.0_121]
	at com.mysql.jdbc.Util.handleNewInstance(Util.java:411) ~[mysql-connector-java-5.1.21.jar:na]
	at com.mysql.jdbc.Util.getInstance(Util.java:386) ~[mysql-connector-java-5.1.21.jar:na]
	at com.mysql.jdbc.SQLError.createSQLException(SQLError.java:1053) ~[mysql-connector-java-5.1.21.jar:na]
	at com.mysql.jdbc.MysqlIO.checkErrorPacket(MysqlIO.java:4074) ~[mysql-connector-java-5.1.21.jar:na]
	at com.mysql.jdbc.MysqlIO.checkErrorPacket(MysqlIO.java:4006) ~[mysql-connector-java-5.1.21.jar:na]
	at com.mysql.jdbc.MysqlIO.sendCommand(MysqlIO.java:2468) ~[mysql-connector-java-5.1.21.jar:na]
	at com.mysql.jdbc.MysqlIO.sqlQueryDirect(MysqlIO.java:2629) ~[mysql-connector-java-5.1.21.jar:na]
	at com.mysql.jdbc.ConnectionImpl.execSQL(ConnectionImpl.java:2719) ~[mysql-connector-java-5.1.21.jar:na]
	at com.mysql.jdbc.PreparedStatement.executeInternal(PreparedStatement.java:2155) ~[mysql-connector-java-5.1.21.jar:na]
	at com.mysql.jdbc.PreparedStatement.executeQuery(PreparedStatement.java:2318) ~[mysql-connector-java-5.1.21.jar:na]
	at org.hibernate.id.enhanced.TableStructure.executeQuery(TableStructure.java:216) ~[hibernate-core-5.2.10.Final.jar:5.2.10.Final]
	at org.hibernate.id.enhanced.TableStructure.access$300(TableStructure.java:46) ~[hibernate-core-5.2.10.Final.jar:5.2.10.Final]
	at org.hibernate.id.enhanced.TableStructure$1$1.execute(TableStructure.java:138) ~[hibernate-core-5.2.10.Final.jar:5.2.10.Final]
	at org.hibernate.id.enhanced.TableStructure$1$1.execute(TableStructure.java:126) ~[hibernate-core-5.2.10.Final.jar:5.2.10.Final]
	at org.hibernate.jdbc.WorkExecutor.executeReturningWork(WorkExecutor.java:55) ~[hibernate-core-5.2.10.Final.jar:5.2.10.Final]
	at org.hibernate.jdbc.AbstractReturningWork.accept(AbstractReturningWork.java:34) ~[hibernate-core-5.2.10.Final.jar:5.2.10.Final]
	at org.hibernate.resource.transaction.backend.jdbc.internal.JdbcIsolationDelegate.delegateWork(JdbcIsolationDelegate.java:57) ~[hibernate-core-5.2.10.Final.jar:5.2.10.Final]
	at org.hibernate.id.enhanced.TableStructure$1.getNextValue(TableStructure.java:125) [hibernate-core-5.2.10.Final.jar:5.2.10.Final]
	at org.hibernate.id.enhanced.NoopOptimizer.generate(NoopOptimizer.java:40) [hibernate-core-5.2.10.Final.jar:5.2.10.Final]
	at org.hibernate.id.enhanced.SequenceStyleGenerator.generate(SequenceStyleGenerator.java:432) [hibernate-core-5.2.10.Final.jar:5.2.10.Final]
	at org.hibernate.event.internal.AbstractSaveEventListener.saveWithGeneratedId(AbstractSaveEventListener.java:105) [hibernate-core-5.2.10.Final.jar:5.2.10.Final]
	at org.hibernate.jpa.event.internal.core.JpaPersistEventListener.saveWithGeneratedId(JpaPersistEventListener.java:67) [hibernate-core-5.2.10.Final.jar:5.2.10.Final]
	at org.hibernate.event.internal.DefaultPersistEventListener.entityIsTransient(DefaultPersistEventListener.java:189) [hibernate-core-5.2.10.Final.jar:5.2.10.Final]
	at org.hibernate.event.internal.DefaultPersistEventListener.onPersist(DefaultPersistEventListener.java:132) [hibernate-core-5.2.10.Final.jar:5.2.10.Final]
	at org.hibernate.event.internal.DefaultPersistEventListener.onPersist(DefaultPersistEventListener.java:58) [hibernate-core-5.2.10.Final.jar:5.2.10.Final]
	at org.hibernate.internal.SessionImpl.firePersist(SessionImpl.java:780) [hibernate-core-5.2.10.Final.jar:5.2.10.Final]
	at org.hibernate.internal.SessionImpl.persist(SessionImpl.java:765) [hibernate-core-5.2.10.Final.jar:5.2.10.Final]
	at sun.reflect.NativeMethodAccessorImpl.invoke0(Native Method) ~[na:1.8.0_121]
	at sun.reflect.NativeMethodAccessorImpl.invoke(NativeMethodAccessorImpl.java:62) ~[na:1.8.0_121]
	at sun.reflect.DelegatingMethodAccessorImpl.invoke(DelegatingMethodAccessorImpl.java:43) ~[na:1.8.0_121]
	at java.lang.reflect.Method.invoke(Method.java:498) ~[na:1.8.0_121]
	at org.springframework.orm.jpa.SharedEntityManagerCreator$SharedEntityManagerInvocationHandler.invoke(SharedEntityManagerCreator.java:298) [spring-orm-4.3.9.RELEASE.jar:4.3.9.RELEASE]
	at com.sun.proxy.$Proxy68.persist(Unknown Source) [na:na]
	at org.springframework.data.jpa.repository.support.SimpleJpaRepository.save(SimpleJpaRepository.java:508) [spring-data-jpa-1.11.4.RELEASE.jar:na]
	at org.springframework.data.jpa.repository.support.SimpleJpaRepository.save(SimpleJpaRepository.java:542) [spring-data-jpa-1.11.4.RELEASE.jar:na]
	at org.springframework.data.jpa.repository.support.SimpleJpaRepository.save(SimpleJpaRepository.java:74) [spring-data-jpa-1.11.4.RELEASE.jar:na]
	at sun.reflect.NativeMethodAccessorImpl.invoke0(Native Method) ~[na:1.8.0_121]
	at sun.reflect.NativeMethodAccessorImpl.invoke(NativeMethodAccessorImpl.java:62) ~[na:1.8.0_121]
	at sun.reflect.DelegatingMethodAccessorImpl.invoke(DelegatingMethodAccessorImpl.java:43) ~[na:1.8.0_121]
	at java.lang.reflect.Method.invoke(Method.java:498) ~[na:1.8.0_121]
	at org.springframework.data.repository.core.support.RepositoryFactorySupport$QueryExecutorMethodInterceptor.executeMethodOn(RepositoryFactorySupport.java:504) [spring-data-commons-1.13.4.RELEASE.jar:na]
	at org.springframework.data.repository.core.support.RepositoryFactorySupport$QueryExecutorMethodInterceptor.doInvoke(RepositoryFactorySupport.java:489) [spring-data-commons-1.13.4.RELEASE.jar:na]
	at org.springframework.data.repository.core.support.RepositoryFactorySupport$QueryExecutorMethodInterceptor.invoke(RepositoryFactorySupport.java:461) [spring-data-commons-1.13.4.RELEASE.jar:na]
	at org.springframework.aop.framework.ReflectiveMethodInvocation.proceed(ReflectiveMethodInvocation.java:179) [spring-aop-4.3.9.RELEASE.jar:4.3.9.RELEASE]
	at org.springframework.data.projection.DefaultMethodInvokingMethodInterceptor.invoke(DefaultMethodInvokingMethodInterceptor.java:56) [spring-data-commons-1.13.4.RELEASE.jar:na]
	at org.springframework.aop.framework.ReflectiveMethodInvocation.proceed(ReflectiveMethodInvocation.java:179) [spring-aop-4.3.9.RELEASE.jar:4.3.9.RELEASE]
	at org.springframework.transaction.interceptor.TransactionInterceptor$1.proceedWithInvocation(TransactionInterceptor.java:99) [spring-tx-4.3.9.RELEASE.jar:4.3.9.RELEASE]
	at org.springframework.transaction.interceptor.TransactionAspectSupport.invokeWithinTransaction(TransactionAspectSupport.java:282) [spring-tx-4.3.9.RELEASE.jar:4.3.9.RELEASE]
	at org.springframework.transaction.interceptor.TransactionInterceptor.invoke(TransactionInterceptor.java:96) [spring-tx-4.3.9.RELEASE.jar:4.3.9.RELEASE]
	at org.springframework.aop.framework.ReflectiveMethodInvocation.proceed(ReflectiveMethodInvocation.java:179) [spring-aop-4.3.9.RELEASE.jar:4.3.9.RELEASE]
	at org.springframework.dao.support.PersistenceExceptionTranslationInterceptor.invoke(PersistenceExceptionTranslationInterceptor.java:136) [spring-tx-4.3.9.RELEASE.jar:4.3.9.RELEASE]
	at org.springframework.aop.framework.ReflectiveMethodInvocation.proceed(ReflectiveMethodInvocation.java:179) [spring-aop-4.3.9.RELEASE.jar:4.3.9.RELEASE]
	at org.springframework.data.jpa.repository.support.CrudMethodMetadataPostProcessor$CrudMethodMetadataPopulatingMethodInterceptor.invoke(CrudMethodMetadataPostProcessor.java:133) [spring-data-jpa-1.11.4.RELEASE.jar:na]
	at org.springframework.aop.framework.ReflectiveMethodInvocation.proceed(ReflectiveMethodInvocation.java:179) [spring-aop-4.3.9.RELEASE.jar:4.3.9.RELEASE]
	at org.springframework.aop.interceptor.ExposeInvocationInterceptor.invoke(ExposeInvocationInterceptor.java:92) [spring-aop-4.3.9.RELEASE.jar:4.3.9.RELEASE]
	at org.springframework.aop.framework.ReflectiveMethodInvocation.proceed(ReflectiveMethodInvocation.java:179) [spring-aop-4.3.9.RELEASE.jar:4.3.9.RELEASE]
	at org.springframework.data.repository.core.support.SurroundingTransactionDetectorMethodInterceptor.invoke(SurroundingTransactionDetectorMethodInterceptor.java:57) [spring-data-commons-1.13.4.RELEASE.jar:na]
	at org.springframework.aop.framework.ReflectiveMethodInvocation.proceed(ReflectiveMethodInvocation.java:179) [spring-aop-4.3.9.RELEASE.jar:4.3.9.RELEASE]
	at org.springframework.aop.framework.JdkDynamicAopProxy.invoke(JdkDynamicAopProxy.java:213) [spring-aop-4.3.9.RELEASE.jar:4.3.9.RELEASE]
	at com.sun.proxy.$Proxy86.save(Unknown Source) [na:na]
	at com.app.storage.persistence.service.StorageItemPersistenceServiceHandler.saveStorageItems(StorageItemPersistenceServiceHandler.java:80) [persistence-1.0-SNAPSHOT.jar:na]
	at com.app.storage.service.StorageItemServiceHandler.saveStorageItems(StorageItemServiceHandler.java:56) [service-1.0-SNAPSHOT.jar:na]
	at com.app.storage.controller.StorageItemController.saveStorageItems(StorageItemController.java:96) [classes/:na]
	at sun.reflect.NativeMethodAccessorImpl.invoke0(Native Method) ~[na:1.8.0_121]
	at sun.reflect.NativeMethodAccessorImpl.invoke(NativeMethodAccessorImpl.java:62) ~[na:1.8.0_121]
	at sun.reflect.DelegatingMethodAccessorImpl.invoke(DelegatingMethodAccessorImpl.java:43) ~[na:1.8.0_121]
	at java.lang.reflect.Method.invoke(Method.java:498) ~[na:1.8.0_121]
	at org.springframework.web.method.support.InvocableHandlerMethod.doInvoke(InvocableHandlerMethod.java:205) [spring-web-4.3.9.RELEASE.jar:4.3.9.RELEASE]
	at org.springframework.web.method.support.InvocableHandlerMethod.invokeForRequest(InvocableHandlerMethod.java:133) [spring-web-4.3.9.RELEASE.jar:4.3.9.RELEASE]
	at org.springframework.web.servlet.mvc.method.annotation.ServletInvocableHandlerMethod.invokeAndHandle(ServletInvocableHandlerMethod.java:110) [spring-webmvc-4.1.6.RELEASE.jar:4.1.6.RELEASE]
	at org.springframework.web.servlet.mvc.method.annotation.RequestMappingHandlerAdapter.invokeHandleMethod(RequestMappingHandlerAdapter.java:776) [spring-webmvc-4.1.6.RELEASE.jar:4.1.6.RELEASE]
	at org.springframework.web.servlet.mvc.method.annotation.RequestMappingHandlerAdapter.handleInternal(RequestMappingHandlerAdapter.java:705) [spring-webmvc-4.1.6.RELEASE.jar:4.1.6.RELEASE]
	at org.springframework.web.servlet.mvc.method.AbstractHandlerMethodAdapter.handle(AbstractHandlerMethodAdapter.java:85) [spring-webmvc-4.1.6.RELEASE.jar:4.1.6.RELEASE]
	at org.springframework.web.servlet.DispatcherServlet.doDispatch(DispatcherServlet.java:959) [spring-webmvc-4.1.6.RELEASE.jar:4.1.6.RELEASE]
	at org.springframework.web.servlet.DispatcherServlet.doService(DispatcherServlet.java:893) [spring-webmvc-4.1.6.RELEASE.jar:4.1.6.RELEASE]
	at org.springframework.web.servlet.FrameworkServlet.processRequest(FrameworkServlet.java:966) [spring-webmvc-4.1.6.RELEASE.jar:4.1.6.RELEASE]
	at org.springframework.web.servlet.FrameworkServlet.doPost(FrameworkServlet.java:868) [spring-webmvc-4.1.6.RELEASE.jar:4.1.6.RELEASE]
	at javax.servlet.http.HttpServlet.service(HttpServlet.java:648) [servlet-api.jar:na]
	at org.springframework.web.servlet.FrameworkServlet.service(FrameworkServlet.java:842) [spring-webmvc-4.1.6.RELEASE.jar:4.1.6.RELEASE]
	at javax.servlet.http.HttpServlet.service(HttpServlet.java:729) [servlet-api.jar:na]
	at org.apache.catalina.core.ApplicationFilterChain.internalDoFilter(ApplicationFilterChain.java:230) [catalina.jar:9.0.0.M17]
	at org.apache.catalina.core.ApplicationFilterChain.doFilter(ApplicationFilterChain.java:165) [catalina.jar:9.0.0.M17]
	at org.apache.tomcat.websocket.server.WsFilter.doFilter(WsFilter.java:53) [tomcat-websocket.jar:9.0.0.M17]
	at org.apache.catalina.core.ApplicationFilterChain.internalDoFilter(ApplicationFilterChain.java:192) [catalina.jar:9.0.0.M17]
	at org.apache.catalina.core.ApplicationFilterChain.doFilter(ApplicationFilterChain.java:165) [catalina.jar:9.0.0.M17]
	at org.springframework.security.web.FilterChainProxy$VirtualFilterChain.doFilter(FilterChainProxy.java:317) [spring-security-web-4.2.3.RELEASE.jar:4.2.3.RELEASE]
	at org.springframework.security.web.access.intercept.FilterSecurityInterceptor.invoke(FilterSecurityInterceptor.java:127) [spring-security-web-4.2.3.RELEASE.jar:4.2.3.RELEASE]
	at org.springframework.security.web.access.intercept.FilterSecurityInterceptor.doFilter(FilterSecurityInterceptor.java:91) [spring-security-web-4.2.3.RELEASE.jar:4.2.3.RELEASE]
	at org.springframework.security.web.FilterChainProxy$VirtualFilterChain.doFilter(FilterChainProxy.java:331) [spring-security-web-4.2.3.RELEASE.jar:4.2.3.RELEASE]
	at org.springframework.security.web.access.ExceptionTranslationFilter.doFilter(ExceptionTranslationFilter.java:114) [spring-security-web-4.2.3.RELEASE.jar:4.2.3.RELEASE]
	at org.springframework.security.web.FilterChainProxy$VirtualFilterChain.doFilter(FilterChainProxy.java:331) [spring-security-web-4.2.3.RELEASE.jar:4.2.3.RELEASE]
	at org.springframework.security.web.session.SessionManagementFilter.doFilter(SessionManagementFilter.java:137) [spring-security-web-4.2.3.RELEASE.jar:4.2.3.RELEASE]
	at org.springframework.security.web.FilterChainProxy$VirtualFilterChain.doFilter(FilterChainProxy.java:331) [spring-security-web-4.2.3.RELEASE.jar:4.2.3.RELEASE]
	at org.springframework.security.web.authentication.AnonymousAuthenticationFilter.doFilter(AnonymousAuthenticationFilter.java:111) [spring-security-web-4.2.3.RELEASE.jar:4.2.3.RELEASE]
	at org.springframework.security.web.FilterChainProxy$VirtualFilterChain.doFilter(FilterChainProxy.java:331) [spring-security-web-4.2.3.RELEASE.jar:4.2.3.RELEASE]
	at org.springframework.security.web.servletapi.SecurityContextHolderAwareRequestFilter.doFilter(SecurityContextHolderAwareRequestFilter.java:170) [spring-security-web-4.2.3.RELEASE.jar:4.2.3.RELEASE]
	at org.springframework.security.web.FilterChainProxy$VirtualFilterChain.doFilter(FilterChainProxy.java:331) [spring-security-web-4.2.3.RELEASE.jar:4.2.3.RELEASE]
	at org.springframework.security.web.savedrequest.RequestCacheAwareFilter.doFilter(RequestCacheAwareFilter.java:63) [spring-security-web-4.2.3.RELEASE.jar:4.2.3.RELEASE]
	at org.springframework.security.web.FilterChainProxy$VirtualFilterChain.doFilter(FilterChainProxy.java:331) [spring-security-web-4.2.3.RELEASE.jar:4.2.3.RELEASE]
	at org.springframework.security.web.authentication.AbstractAuthenticationProcessingFilter.doFilter(AbstractAuthenticationProcessingFilter.java:200) [spring-security-web-4.2.3.RELEASE.jar:4.2.3.RELEASE]
	at org.springframework.security.web.FilterChainProxy$VirtualFilterChain.doFilter(FilterChainProxy.java:331) [spring-security-web-4.2.3.RELEASE.jar:4.2.3.RELEASE]
	at org.springframework.security.web.authentication.logout.LogoutFilter.doFilter(LogoutFilter.java:116) [spring-security-web-4.2.3.RELEASE.jar:4.2.3.RELEASE]
	at org.springframework.security.web.FilterChainProxy$VirtualFilterChain.doFilter(FilterChainProxy.java:331) [spring-security-web-4.2.3.RELEASE.jar:4.2.3.RELEASE]
	at org.springframework.security.web.header.HeaderWriterFilter.doFilterInternal(HeaderWriterFilter.java:64) [spring-security-web-4.2.3.RELEASE.jar:4.2.3.RELEASE]
	at org.springframework.web.filter.OncePerRequestFilter.doFilter(OncePerRequestFilter.java:107) [spring-web-4.3.9.RELEASE.jar:4.3.9.RELEASE]
	at org.springframework.security.web.FilterChainProxy$VirtualFilterChain.doFilter(FilterChainProxy.java:331) [spring-security-web-4.2.3.RELEASE.jar:4.2.3.RELEASE]
	at org.springframework.security.web.context.SecurityContextPersistenceFilter.doFilter(SecurityContextPersistenceFilter.java:105) [spring-security-web-4.2.3.RELEASE.jar:4.2.3.RELEASE]
	at org.springframework.security.web.FilterChainProxy$VirtualFilterChain.doFilter(FilterChainProxy.java:331) [spring-security-web-4.2.3.RELEASE.jar:4.2.3.RELEASE]
	at org.springframework.security.web.context.request.async.WebAsyncManagerIntegrationFilter.doFilterInternal(WebAsyncManagerIntegrationFilter.java:56) [spring-security-web-4.2.3.RELEASE.jar:4.2.3.RELEASE]
	at org.springframework.web.filter.OncePerRequestFilter.doFilter(OncePerRequestFilter.java:107) [spring-web-4.3.9.RELEASE.jar:4.3.9.RELEASE]
	at org.springframework.security.web.FilterChainProxy$VirtualFilterChain.doFilter(FilterChainProxy.java:331) [spring-security-web-4.2.3.RELEASE.jar:4.2.3.RELEASE]
	at org.springframework.security.web.FilterChainProxy.doFilterInternal(FilterChainProxy.java:214) [spring-security-web-4.2.3.RELEASE.jar:4.2.3.RELEASE]
	at org.springframework.security.web.FilterChainProxy.doFilter(FilterChainProxy.java:177) [spring-security-web-4.2.3.RELEASE.jar:4.2.3.RELEASE]
	at org.springframework.web.filter.DelegatingFilterProxy.invokeDelegate(DelegatingFilterProxy.java:346) [spring-web-4.3.9.RELEASE.jar:4.3.9.RELEASE]
	at org.springframework.web.filter.DelegatingFilterProxy.doFilter(DelegatingFilterProxy.java:262) [spring-web-4.3.9.RELEASE.jar:4.3.9.RELEASE]
	at org.apache.catalina.core.ApplicationFilterChain.internalDoFilter(ApplicationFilterChain.java:192) [catalina.jar:9.0.0.M17]
	at org.apache.catalina.core.ApplicationFilterChain.doFilter(ApplicationFilterChain.java:165) [catalina.jar:9.0.0.M17]
	at org.apache.catalina.core.StandardWrapperValve.invoke(StandardWrapperValve.java:199) [catalina.jar:9.0.0.M17]
	at org.apache.catalina.core.StandardContextValve.invoke(StandardContextValve.java:96) [catalina.jar:9.0.0.M17]
	at org.apache.catalina.authenticator.AuthenticatorBase.invoke(AuthenticatorBase.java:474) [catalina.jar:9.0.0.M17]
	at org.apache.catalina.core.StandardHostValve.invoke(StandardHostValve.java:140) [catalina.jar:9.0.0.M17]
	at org.apache.catalina.valves.ErrorReportValve.invoke(ErrorReportValve.java:79) [catalina.jar:9.0.0.M17]
	at org.apache.catalina.valves.AbstractAccessLogValve.invoke(AbstractAccessLogValve.java:624) [catalina.jar:9.0.0.M17]
	at org.apache.catalina.core.StandardEngineValve.invoke(StandardEngineValve.java:87) [catalina.jar:9.0.0.M17]
	at org.apache.catalina.connector.CoyoteAdapter.service(CoyoteAdapter.java:349) [catalina.jar:9.0.0.M17]
	at org.apache.coyote.http11.Http11Processor.service(Http11Processor.java:495) [tomcat-coyote.jar:9.0.0.M17]
	at org.apache.coyote.AbstractProcessorLight.process(AbstractProcessorLight.java:66) [tomcat-coyote.jar:9.0.0.M17]
	at org.apache.coyote.AbstractProtocol$ConnectionHandler.process(AbstractProtocol.java:767) [tomcat-coyote.jar:9.0.0.M17]
	at org.apache.tomcat.util.net.NioEndpoint$SocketProcessor.doRun(NioEndpoint.java:1347) [tomcat-coyote.jar:9.0.0.M17]
	at org.apache.tomcat.util.net.SocketProcessorBase.run(SocketProcessorBase.java:49) [tomcat-coyote.jar:9.0.0.M17]
	at java.util.concurrent.ThreadPoolExecutor.runWorker(ThreadPoolExecutor.java:1142) [na:1.8.0_121]
	at java.util.concurrent.ThreadPoolExecutor$Worker.run(ThreadPoolExecutor.java:617) [na:1.8.0_121]
	at org.apache.tomcat.util.threads.TaskThread$WrappingRunnable.run(TaskThread.java:61) [tomcat-util.jar:9.0.0.M17]
	at java.lang.Thread.run(Thread.java:745) [na:1.8.0_121]
2017-07-18 22:42:36 ERROR o.h.e.jdbc.spi.SqlExceptionHelper - Table 'storage_app_schema.hibernate_sequence' doesn't exist
2017-07-18 22:57:17 DEBUG c.a.s.c.StorageItemController - Saving storage items... [nullTestNameL]
2017-07-18 22:57:17 DEBUG c.a.s.c.m.StorageItemControllerMapper - Mapping storage item controller model nullTestNameL to domain model.
2017-07-18 22:57:17 DEBUG c.a.s.c.m.StorageItemControllerMapper - Mapped storage item controller model to domain model.
2017-07-18 22:57:17 DEBUG c.a.s.service.StorageItemService - Saving storage items
2017-07-18 22:57:17 DEBUG c.a.s.p.s.StorageItemPersistenceService - Saving storage items to database: [nullTestNameLnullnull]
2017-07-18 22:57:17 ERROR o.h.id.enhanced.TableStructure - could not read a hi value
com.mysql.jdbc.exceptions.jdbc4.MySQLSyntaxErrorException: Table 'storage_app_schema.hibernate_sequence' doesn't exist
	at sun.reflect.NativeConstructorAccessorImpl.newInstance0(Native Method) ~[na:1.8.0_121]
	at sun.reflect.NativeConstructorAccessorImpl.newInstance(NativeConstructorAccessorImpl.java:62) ~[na:1.8.0_121]
	at sun.reflect.DelegatingConstructorAccessorImpl.newInstance(DelegatingConstructorAccessorImpl.java:45) ~[na:1.8.0_121]
	at java.lang.reflect.Constructor.newInstance(Constructor.java:423) ~[na:1.8.0_121]
	at com.mysql.jdbc.Util.handleNewInstance(Util.java:411) ~[mysql-connector-java-5.1.21.jar:na]
	at com.mysql.jdbc.Util.getInstance(Util.java:386) ~[mysql-connector-java-5.1.21.jar:na]
	at com.mysql.jdbc.SQLError.createSQLException(SQLError.java:1053) ~[mysql-connector-java-5.1.21.jar:na]
	at com.mysql.jdbc.MysqlIO.checkErrorPacket(MysqlIO.java:4074) ~[mysql-connector-java-5.1.21.jar:na]
	at com.mysql.jdbc.MysqlIO.checkErrorPacket(MysqlIO.java:4006) ~[mysql-connector-java-5.1.21.jar:na]
	at com.mysql.jdbc.MysqlIO.sendCommand(MysqlIO.java:2468) ~[mysql-connector-java-5.1.21.jar:na]
	at com.mysql.jdbc.MysqlIO.sqlQueryDirect(MysqlIO.java:2629) ~[mysql-connector-java-5.1.21.jar:na]
	at com.mysql.jdbc.ConnectionImpl.execSQL(ConnectionImpl.java:2719) ~[mysql-connector-java-5.1.21.jar:na]
	at com.mysql.jdbc.PreparedStatement.executeInternal(PreparedStatement.java:2155) ~[mysql-connector-java-5.1.21.jar:na]
	at com.mysql.jdbc.PreparedStatement.executeQuery(PreparedStatement.java:2318) ~[mysql-connector-java-5.1.21.jar:na]
	at org.hibernate.id.enhanced.TableStructure.executeQuery(TableStructure.java:216) ~[hibernate-core-5.2.10.Final.jar:5.2.10.Final]
	at org.hibernate.id.enhanced.TableStructure.access$300(TableStructure.java:46) ~[hibernate-core-5.2.10.Final.jar:5.2.10.Final]
	at org.hibernate.id.enhanced.TableStructure$1$1.execute(TableStructure.java:138) ~[hibernate-core-5.2.10.Final.jar:5.2.10.Final]
	at org.hibernate.id.enhanced.TableStructure$1$1.execute(TableStructure.java:126) ~[hibernate-core-5.2.10.Final.jar:5.2.10.Final]
	at org.hibernate.jdbc.WorkExecutor.executeReturningWork(WorkExecutor.java:55) ~[hibernate-core-5.2.10.Final.jar:5.2.10.Final]
	at org.hibernate.jdbc.AbstractReturningWork.accept(AbstractReturningWork.java:34) ~[hibernate-core-5.2.10.Final.jar:5.2.10.Final]
	at org.hibernate.resource.transaction.backend.jdbc.internal.JdbcIsolationDelegate.delegateWork(JdbcIsolationDelegate.java:57) ~[hibernate-core-5.2.10.Final.jar:5.2.10.Final]
	at org.hibernate.id.enhanced.TableStructure$1.getNextValue(TableStructure.java:125) [hibernate-core-5.2.10.Final.jar:5.2.10.Final]
	at org.hibernate.id.enhanced.NoopOptimizer.generate(NoopOptimizer.java:40) [hibernate-core-5.2.10.Final.jar:5.2.10.Final]
	at org.hibernate.id.enhanced.SequenceStyleGenerator.generate(SequenceStyleGenerator.java:432) [hibernate-core-5.2.10.Final.jar:5.2.10.Final]
	at org.hibernate.event.internal.AbstractSaveEventListener.saveWithGeneratedId(AbstractSaveEventListener.java:105) [hibernate-core-5.2.10.Final.jar:5.2.10.Final]
	at org.hibernate.jpa.event.internal.core.JpaPersistEventListener.saveWithGeneratedId(JpaPersistEventListener.java:67) [hibernate-core-5.2.10.Final.jar:5.2.10.Final]
	at org.hibernate.event.internal.DefaultPersistEventListener.entityIsTransient(DefaultPersistEventListener.java:189) [hibernate-core-5.2.10.Final.jar:5.2.10.Final]
	at org.hibernate.event.internal.DefaultPersistEventListener.onPersist(DefaultPersistEventListener.java:132) [hibernate-core-5.2.10.Final.jar:5.2.10.Final]
	at org.hibernate.event.internal.DefaultPersistEventListener.onPersist(DefaultPersistEventListener.java:58) [hibernate-core-5.2.10.Final.jar:5.2.10.Final]
	at org.hibernate.internal.SessionImpl.firePersist(SessionImpl.java:780) [hibernate-core-5.2.10.Final.jar:5.2.10.Final]
	at org.hibernate.internal.SessionImpl.persist(SessionImpl.java:765) [hibernate-core-5.2.10.Final.jar:5.2.10.Final]
	at sun.reflect.NativeMethodAccessorImpl.invoke0(Native Method) ~[na:1.8.0_121]
	at sun.reflect.NativeMethodAccessorImpl.invoke(NativeMethodAccessorImpl.java:62) ~[na:1.8.0_121]
	at sun.reflect.DelegatingMethodAccessorImpl.invoke(DelegatingMethodAccessorImpl.java:43) ~[na:1.8.0_121]
	at java.lang.reflect.Method.invoke(Method.java:498) ~[na:1.8.0_121]
	at org.springframework.orm.jpa.SharedEntityManagerCreator$SharedEntityManagerInvocationHandler.invoke(SharedEntityManagerCreator.java:298) [spring-orm-4.3.9.RELEASE.jar:4.3.9.RELEASE]
	at com.sun.proxy.$Proxy68.persist(Unknown Source) [na:na]
	at org.springframework.data.jpa.repository.support.SimpleJpaRepository.save(SimpleJpaRepository.java:508) [spring-data-jpa-1.11.4.RELEASE.jar:na]
	at org.springframework.data.jpa.repository.support.SimpleJpaRepository.save(SimpleJpaRepository.java:542) [spring-data-jpa-1.11.4.RELEASE.jar:na]
	at sun.reflect.NativeMethodAccessorImpl.invoke0(Native Method) ~[na:1.8.0_121]
	at sun.reflect.NativeMethodAccessorImpl.invoke(NativeMethodAccessorImpl.java:62) ~[na:1.8.0_121]
	at sun.reflect.DelegatingMethodAccessorImpl.invoke(DelegatingMethodAccessorImpl.java:43) ~[na:1.8.0_121]
	at java.lang.reflect.Method.invoke(Method.java:498) ~[na:1.8.0_121]
	at org.springframework.data.repository.core.support.RepositoryFactorySupport$QueryExecutorMethodInterceptor.executeMethodOn(RepositoryFactorySupport.java:504) [spring-data-commons-1.13.4.RELEASE.jar:na]
	at org.springframework.data.repository.core.support.RepositoryFactorySupport$QueryExecutorMethodInterceptor.doInvoke(RepositoryFactorySupport.java:489) [spring-data-commons-1.13.4.RELEASE.jar:na]
	at org.springframework.data.repository.core.support.RepositoryFactorySupport$QueryExecutorMethodInterceptor.invoke(RepositoryFactorySupport.java:461) [spring-data-commons-1.13.4.RELEASE.jar:na]
	at org.springframework.aop.framework.ReflectiveMethodInvocation.proceed(ReflectiveMethodInvocation.java:179) [spring-aop-4.3.9.RELEASE.jar:4.3.9.RELEASE]
	at org.springframework.data.projection.DefaultMethodInvokingMethodInterceptor.invoke(DefaultMethodInvokingMethodInterceptor.java:56) [spring-data-commons-1.13.4.RELEASE.jar:na]
	at org.springframework.aop.framework.ReflectiveMethodInvocation.proceed(ReflectiveMethodInvocation.java:179) [spring-aop-4.3.9.RELEASE.jar:4.3.9.RELEASE]
	at org.springframework.transaction.interceptor.TransactionInterceptor$1.proceedWithInvocation(TransactionInterceptor.java:99) [spring-tx-4.3.9.RELEASE.jar:4.3.9.RELEASE]
	at org.springframework.transaction.interceptor.TransactionAspectSupport.invokeWithinTransaction(TransactionAspectSupport.java:282) [spring-tx-4.3.9.RELEASE.jar:4.3.9.RELEASE]
	at org.springframework.transaction.interceptor.TransactionInterceptor.invoke(TransactionInterceptor.java:96) [spring-tx-4.3.9.RELEASE.jar:4.3.9.RELEASE]
	at org.springframework.aop.framework.ReflectiveMethodInvocation.proceed(ReflectiveMethodInvocation.java:179) [spring-aop-4.3.9.RELEASE.jar:4.3.9.RELEASE]
	at org.springframework.dao.support.PersistenceExceptionTranslationInterceptor.invoke(PersistenceExceptionTranslationInterceptor.java:136) [spring-tx-4.3.9.RELEASE.jar:4.3.9.RELEASE]
	at org.springframework.aop.framework.ReflectiveMethodInvocation.proceed(ReflectiveMethodInvocation.java:179) [spring-aop-4.3.9.RELEASE.jar:4.3.9.RELEASE]
	at org.springframework.data.jpa.repository.support.CrudMethodMetadataPostProcessor$CrudMethodMetadataPopulatingMethodInterceptor.invoke(CrudMethodMetadataPostProcessor.java:133) [spring-data-jpa-1.11.4.RELEASE.jar:na]
	at org.springframework.aop.framework.ReflectiveMethodInvocation.proceed(ReflectiveMethodInvocation.java:179) [spring-aop-4.3.9.RELEASE.jar:4.3.9.RELEASE]
	at org.springframework.aop.interceptor.ExposeInvocationInterceptor.invoke(ExposeInvocationInterceptor.java:92) [spring-aop-4.3.9.RELEASE.jar:4.3.9.RELEASE]
	at org.springframework.aop.framework.ReflectiveMethodInvocation.proceed(ReflectiveMethodInvocation.java:179) [spring-aop-4.3.9.RELEASE.jar:4.3.9.RELEASE]
	at org.springframework.data.repository.core.support.SurroundingTransactionDetectorMethodInterceptor.invoke(SurroundingTransactionDetectorMethodInterceptor.java:57) [spring-data-commons-1.13.4.RELEASE.jar:na]
	at org.springframework.aop.framework.ReflectiveMethodInvocation.proceed(ReflectiveMethodInvocation.java:179) [spring-aop-4.3.9.RELEASE.jar:4.3.9.RELEASE]
	at org.springframework.aop.framework.JdkDynamicAopProxy.invoke(JdkDynamicAopProxy.java:213) [spring-aop-4.3.9.RELEASE.jar:4.3.9.RELEASE]
	at com.sun.proxy.$Proxy86.save(Unknown Source) [na:na]
	at com.app.storage.persistence.service.StorageItemPersistenceServiceHandler.saveStorageItems(StorageItemPersistenceServiceHandler.java:80) [persistence-1.0-SNAPSHOT.jar:na]
	at com.app.storage.service.StorageItemServiceHandler.saveStorageItems(StorageItemServiceHandler.java:56) [service-1.0-SNAPSHOT.jar:na]
	at com.app.storage.controller.StorageItemController.saveStorageItems(StorageItemController.java:96) [classes/:na]
	at sun.reflect.NativeMethodAccessorImpl.invoke0(Native Method) ~[na:1.8.0_121]
	at sun.reflect.NativeMethodAccessorImpl.invoke(NativeMethodAccessorImpl.java:62) ~[na:1.8.0_121]
	at sun.reflect.DelegatingMethodAccessorImpl.invoke(DelegatingMethodAccessorImpl.java:43) ~[na:1.8.0_121]
	at java.lang.reflect.Method.invoke(Method.java:498) ~[na:1.8.0_121]
	at org.springframework.web.method.support.InvocableHandlerMethod.doInvoke(InvocableHandlerMethod.java:205) [spring-web-4.3.9.RELEASE.jar:4.3.9.RELEASE]
	at org.springframework.web.method.support.InvocableHandlerMethod.invokeForRequest(InvocableHandlerMethod.java:133) [spring-web-4.3.9.RELEASE.jar:4.3.9.RELEASE]
	at org.springframework.web.servlet.mvc.method.annotation.ServletInvocableHandlerMethod.invokeAndHandle(ServletInvocableHandlerMethod.java:110) [spring-webmvc-4.1.6.RELEASE.jar:4.1.6.RELEASE]
	at org.springframework.web.servlet.mvc.method.annotation.RequestMappingHandlerAdapter.invokeHandleMethod(RequestMappingHandlerAdapter.java:776) [spring-webmvc-4.1.6.RELEASE.jar:4.1.6.RELEASE]
	at org.springframework.web.servlet.mvc.method.annotation.RequestMappingHandlerAdapter.handleInternal(RequestMappingHandlerAdapter.java:705) [spring-webmvc-4.1.6.RELEASE.jar:4.1.6.RELEASE]
	at org.springframework.web.servlet.mvc.method.AbstractHandlerMethodAdapter.handle(AbstractHandlerMethodAdapter.java:85) [spring-webmvc-4.1.6.RELEASE.jar:4.1.6.RELEASE]
	at org.springframework.web.servlet.DispatcherServlet.doDispatch(DispatcherServlet.java:959) [spring-webmvc-4.1.6.RELEASE.jar:4.1.6.RELEASE]
	at org.springframework.web.servlet.DispatcherServlet.doService(DispatcherServlet.java:893) [spring-webmvc-4.1.6.RELEASE.jar:4.1.6.RELEASE]
	at org.springframework.web.servlet.FrameworkServlet.processRequest(FrameworkServlet.java:966) [spring-webmvc-4.1.6.RELEASE.jar:4.1.6.RELEASE]
	at org.springframework.web.servlet.FrameworkServlet.doPost(FrameworkServlet.java:868) [spring-webmvc-4.1.6.RELEASE.jar:4.1.6.RELEASE]
	at javax.servlet.http.HttpServlet.service(HttpServlet.java:648) [servlet-api.jar:na]
	at org.springframework.web.servlet.FrameworkServlet.service(FrameworkServlet.java:842) [spring-webmvc-4.1.6.RELEASE.jar:4.1.6.RELEASE]
	at javax.servlet.http.HttpServlet.service(HttpServlet.java:729) [servlet-api.jar:na]
	at org.apache.catalina.core.ApplicationFilterChain.internalDoFilter(ApplicationFilterChain.java:230) [catalina.jar:9.0.0.M17]
	at org.apache.catalina.core.ApplicationFilterChain.doFilter(ApplicationFilterChain.java:165) [catalina.jar:9.0.0.M17]
	at org.apache.tomcat.websocket.server.WsFilter.doFilter(WsFilter.java:53) [tomcat-websocket.jar:9.0.0.M17]
	at org.apache.catalina.core.ApplicationFilterChain.internalDoFilter(ApplicationFilterChain.java:192) [catalina.jar:9.0.0.M17]
	at org.apache.catalina.core.ApplicationFilterChain.doFilter(ApplicationFilterChain.java:165) [catalina.jar:9.0.0.M17]
	at org.springframework.security.web.FilterChainProxy$VirtualFilterChain.doFilter(FilterChainProxy.java:317) [spring-security-web-4.2.3.RELEASE.jar:4.2.3.RELEASE]
	at org.springframework.security.web.access.intercept.FilterSecurityInterceptor.invoke(FilterSecurityInterceptor.java:127) [spring-security-web-4.2.3.RELEASE.jar:4.2.3.RELEASE]
	at org.springframework.security.web.access.intercept.FilterSecurityInterceptor.doFilter(FilterSecurityInterceptor.java:91) [spring-security-web-4.2.3.RELEASE.jar:4.2.3.RELEASE]
	at org.springframework.security.web.FilterChainProxy$VirtualFilterChain.doFilter(FilterChainProxy.java:331) [spring-security-web-4.2.3.RELEASE.jar:4.2.3.RELEASE]
	at org.springframework.security.web.access.ExceptionTranslationFilter.doFilter(ExceptionTranslationFilter.java:114) [spring-security-web-4.2.3.RELEASE.jar:4.2.3.RELEASE]
	at org.springframework.security.web.FilterChainProxy$VirtualFilterChain.doFilter(FilterChainProxy.java:331) [spring-security-web-4.2.3.RELEASE.jar:4.2.3.RELEASE]
	at org.springframework.security.web.session.SessionManagementFilter.doFilter(SessionManagementFilter.java:137) [spring-security-web-4.2.3.RELEASE.jar:4.2.3.RELEASE]
	at org.springframework.security.web.FilterChainProxy$VirtualFilterChain.doFilter(FilterChainProxy.java:331) [spring-security-web-4.2.3.RELEASE.jar:4.2.3.RELEASE]
	at org.springframework.security.web.authentication.AnonymousAuthenticationFilter.doFilter(AnonymousAuthenticationFilter.java:111) [spring-security-web-4.2.3.RELEASE.jar:4.2.3.RELEASE]
	at org.springframework.security.web.FilterChainProxy$VirtualFilterChain.doFilter(FilterChainProxy.java:331) [spring-security-web-4.2.3.RELEASE.jar:4.2.3.RELEASE]
	at org.springframework.security.web.servletapi.SecurityContextHolderAwareRequestFilter.doFilter(SecurityContextHolderAwareRequestFilter.java:170) [spring-security-web-4.2.3.RELEASE.jar:4.2.3.RELEASE]
	at org.springframework.security.web.FilterChainProxy$VirtualFilterChain.doFilter(FilterChainProxy.java:331) [spring-security-web-4.2.3.RELEASE.jar:4.2.3.RELEASE]
	at org.springframework.security.web.savedrequest.RequestCacheAwareFilter.doFilter(RequestCacheAwareFilter.java:63) [spring-security-web-4.2.3.RELEASE.jar:4.2.3.RELEASE]
	at org.springframework.security.web.FilterChainProxy$VirtualFilterChain.doFilter(FilterChainProxy.java:331) [spring-security-web-4.2.3.RELEASE.jar:4.2.3.RELEASE]
	at org.springframework.security.web.authentication.AbstractAuthenticationProcessingFilter.doFilter(AbstractAuthenticationProcessingFilter.java:200) [spring-security-web-4.2.3.RELEASE.jar:4.2.3.RELEASE]
	at org.springframework.security.web.FilterChainProxy$VirtualFilterChain.doFilter(FilterChainProxy.java:331) [spring-security-web-4.2.3.RELEASE.jar:4.2.3.RELEASE]
	at org.springframework.security.web.authentication.logout.LogoutFilter.doFilter(LogoutFilter.java:116) [spring-security-web-4.2.3.RELEASE.jar:4.2.3.RELEASE]
	at org.springframework.security.web.FilterChainProxy$VirtualFilterChain.doFilter(FilterChainProxy.java:331) [spring-security-web-4.2.3.RELEASE.jar:4.2.3.RELEASE]
	at org.springframework.security.web.header.HeaderWriterFilter.doFilterInternal(HeaderWriterFilter.java:64) [spring-security-web-4.2.3.RELEASE.jar:4.2.3.RELEASE]
	at org.springframework.web.filter.OncePerRequestFilter.doFilter(OncePerRequestFilter.java:107) [spring-web-4.3.9.RELEASE.jar:4.3.9.RELEASE]
	at org.springframework.security.web.FilterChainProxy$VirtualFilterChain.doFilter(FilterChainProxy.java:331) [spring-security-web-4.2.3.RELEASE.jar:4.2.3.RELEASE]
	at org.springframework.security.web.context.SecurityContextPersistenceFilter.doFilter(SecurityContextPersistenceFilter.java:105) [spring-security-web-4.2.3.RELEASE.jar:4.2.3.RELEASE]
	at org.springframework.security.web.FilterChainProxy$VirtualFilterChain.doFilter(FilterChainProxy.java:331) [spring-security-web-4.2.3.RELEASE.jar:4.2.3.RELEASE]
	at org.springframework.security.web.context.request.async.WebAsyncManagerIntegrationFilter.doFilterInternal(WebAsyncManagerIntegrationFilter.java:56) [spring-security-web-4.2.3.RELEASE.jar:4.2.3.RELEASE]
	at org.springframework.web.filter.OncePerRequestFilter.doFilter(OncePerRequestFilter.java:107) [spring-web-4.3.9.RELEASE.jar:4.3.9.RELEASE]
	at org.springframework.security.web.FilterChainProxy$VirtualFilterChain.doFilter(FilterChainProxy.java:331) [spring-security-web-4.2.3.RELEASE.jar:4.2.3.RELEASE]
	at org.springframework.security.web.FilterChainProxy.doFilterInternal(FilterChainProxy.java:214) [spring-security-web-4.2.3.RELEASE.jar:4.2.3.RELEASE]
	at org.springframework.security.web.FilterChainProxy.doFilter(FilterChainProxy.java:177) [spring-security-web-4.2.3.RELEASE.jar:4.2.3.RELEASE]
	at org.springframework.web.filter.DelegatingFilterProxy.invokeDelegate(DelegatingFilterProxy.java:346) [spring-web-4.3.9.RELEASE.jar:4.3.9.RELEASE]
	at org.springframework.web.filter.DelegatingFilterProxy.doFilter(DelegatingFilterProxy.java:262) [spring-web-4.3.9.RELEASE.jar:4.3.9.RELEASE]
	at org.apache.catalina.core.ApplicationFilterChain.internalDoFilter(ApplicationFilterChain.java:192) [catalina.jar:9.0.0.M17]
	at org.apache.catalina.core.ApplicationFilterChain.doFilter(ApplicationFilterChain.java:165) [catalina.jar:9.0.0.M17]
	at org.apache.catalina.core.StandardWrapperValve.invoke(StandardWrapperValve.java:199) [catalina.jar:9.0.0.M17]
	at org.apache.catalina.core.StandardContextValve.invoke(StandardContextValve.java:96) [catalina.jar:9.0.0.M17]
	at org.apache.catalina.authenticator.AuthenticatorBase.invoke(AuthenticatorBase.java:474) [catalina.jar:9.0.0.M17]
	at org.apache.catalina.core.StandardHostValve.invoke(StandardHostValve.java:140) [catalina.jar:9.0.0.M17]
	at org.apache.catalina.valves.ErrorReportValve.invoke(ErrorReportValve.java:79) [catalina.jar:9.0.0.M17]
	at org.apache.catalina.valves.AbstractAccessLogValve.invoke(AbstractAccessLogValve.java:624) [catalina.jar:9.0.0.M17]
	at org.apache.catalina.core.StandardEngineValve.invoke(StandardEngineValve.java:87) [catalina.jar:9.0.0.M17]
	at org.apache.catalina.connector.CoyoteAdapter.service(CoyoteAdapter.java:349) [catalina.jar:9.0.0.M17]
	at org.apache.coyote.http11.Http11Processor.service(Http11Processor.java:495) [tomcat-coyote.jar:9.0.0.M17]
	at org.apache.coyote.AbstractProcessorLight.process(AbstractProcessorLight.java:66) [tomcat-coyote.jar:9.0.0.M17]
	at org.apache.coyote.AbstractProtocol$ConnectionHandler.process(AbstractProtocol.java:767) [tomcat-coyote.jar:9.0.0.M17]
	at org.apache.tomcat.util.net.NioEndpoint$SocketProcessor.doRun(NioEndpoint.java:1347) [tomcat-coyote.jar:9.0.0.M17]
	at org.apache.tomcat.util.net.SocketProcessorBase.run(SocketProcessorBase.java:49) [tomcat-coyote.jar:9.0.0.M17]
	at java.util.concurrent.ThreadPoolExecutor.runWorker(ThreadPoolExecutor.java:1142) [na:1.8.0_121]
	at java.util.concurrent.ThreadPoolExecutor$Worker.run(ThreadPoolExecutor.java:617) [na:1.8.0_121]
	at org.apache.tomcat.util.threads.TaskThread$WrappingRunnable.run(TaskThread.java:61) [tomcat-util.jar:9.0.0.M17]
	at java.lang.Thread.run(Thread.java:745) [na:1.8.0_121]
2017-07-18 22:57:17 ERROR o.h.e.jdbc.spi.SqlExceptionHelper - Table 'storage_app_schema.hibernate_sequence' doesn't exist
